{"/home/travis/build/npmtest/node-npmtest-vue-server-renderer/test.js":{"path":"/home/travis/build/npmtest/node-npmtest-vue-server-renderer/test.js","s":{"1":2,"2":2,"3":2,"4":2,"5":2,"6":2,"7":2,"8":1,"9":2,"10":2,"11":1,"12":1,"13":1,"14":1,"15":2,"16":2,"17":2,"18":2,"19":1,"20":1,"21":2,"22":2,"23":2,"24":1,"25":1,"26":1,"27":1,"28":1,"29":1,"30":1,"31":1,"32":1,"33":1,"34":1,"35":1,"36":1,"37":2,"38":2,"39":1,"40":2,"41":2,"42":1,"43":2,"44":2,"45":1,"46":2,"47":2,"48":1,"49":1,"50":1,"51":1,"52":1},"b":{"1":[2,1,1,1],"2":[1,1,1,1],"3":[1,1],"4":[1,1],"5":[1,1],"6":[1,1],"7":[1,1],"8":[1,1],"9":[1,1,1],"10":[1,1],"11":[1,1],"12":[1,1],"13":[1,1],"14":[1,1],"15":[1,1],"16":[1,1]},"f":{"1":2,"2":2,"3":2,"4":2,"5":2,"6":1,"7":1,"8":2,"9":2,"10":2,"11":2,"12":1},"fnMap":{"1":{"name":"(anonymous_1)","line":12,"loc":{"start":{"line":12,"column":1},"end":{"line":12,"column":13}}},"2":{"name":"(anonymous_2)","line":19,"loc":{"start":{"line":19,"column":5},"end":{"line":19,"column":17}}},"3":{"name":"(anonymous_3)","line":23,"loc":{"start":{"line":23,"column":24},"end":{"line":23,"column":36}}},"4":{"name":"(anonymous_4)","line":61,"loc":{"start":{"line":61,"column":5},"end":{"line":61,"column":17}}},"5":{"name":"(anonymous_5)","line":82,"loc":{"start":{"line":82,"column":5},"end":{"line":82,"column":17}}},"6":{"name":"(anonymous_6)","line":102,"loc":{"start":{"line":102,"column":83},"end":{"line":105,"column":10}},"skip":true},"7":{"name":"(anonymous_7)","line":113,"loc":{"start":{"line":113,"column":77},"end":{"line":116,"column":10}},"skip":true},"8":{"name":"(anonymous_8)","line":129,"loc":{"start":{"line":129,"column":12},"end":{"line":129,"column":40}},"skip":true},"9":{"name":"(anonymous_9)","line":137,"loc":{"start":{"line":137,"column":77},"end":{"line":140,"column":10}},"skip":true},"10":{"name":"(anonymous_10)","line":148,"loc":{"start":{"line":148,"column":83},"end":{"line":151,"column":10}},"skip":true},"11":{"name":"(anonymous_11)","line":159,"loc":{"start":{"line":159,"column":79},"end":{"line":162,"column":10}},"skip":true},"12":{"name":"(anonymous_12)","line":170,"loc":{"start":{"line":170,"column":75},"end":{"line":173,"column":10}},"skip":true}},"statementMap":{"1":{"start":{"line":12,"column":0},"end":{"line":185,"column":5}},"2":{"start":{"line":14,"column":4},"end":{"line":14,"column":14}},"3":{"start":{"line":19,"column":4},"end":{"line":56,"column":9}},"4":{"start":{"line":21,"column":8},"end":{"line":21,"column":19}},"5":{"start":{"line":23,"column":8},"end":{"line":35,"column":13}},"6":{"start":{"line":24,"column":12},"end":{"line":34,"column":13}},"7":{"start":{"line":25,"column":16},"end":{"line":28,"column":30}},"8":{"start":{"line":30,"column":16},"end":{"line":33,"column":27}},"9":{"start":{"line":37,"column":8},"end":{"line":39,"column":21}},"10":{"start":{"line":40,"column":8},"end":{"line":53,"column":9}},"11":{"start":{"line":43,"column":12},"end":{"line":46,"column":14}},"12":{"start":{"line":47,"column":12},"end":{"line":47,"column":18}},"13":{"start":{"line":50,"column":12},"end":{"line":51,"column":46}},"14":{"start":{"line":52,"column":12},"end":{"line":52,"column":18}},"15":{"start":{"line":55,"column":8},"end":{"line":55,"column":35}},"16":{"start":{"line":61,"column":4},"end":{"line":63,"column":9}},"17":{"start":{"line":62,"column":8},"end":{"line":62,"column":15}},"18":{"start":{"line":64,"column":4},"end":{"line":77,"column":5}},"19":{"start":{"line":70,"column":8},"end":{"line":70,"column":14}},"20":{"start":{"line":76,"column":8},"end":{"line":76,"column":14}},"21":{"start":{"line":82,"column":4},"end":{"line":84,"column":9}},"22":{"start":{"line":83,"column":8},"end":{"line":83,"column":15}},"23":{"start":{"line":85,"column":4},"end":{"line":184,"column":5}},"24":{"start":{"line":92,"column":8},"end":{"line":94,"column":63}},"25":{"start":{"line":95,"column":8},"end":{"line":95,"column":14}},"26":{"start":{"line":102,"column":8},"end":{"line":111,"column":10},"skip":true},"27":{"start":{"line":109,"column":12},"end":{"line":109,"column":55},"skip":true},"28":{"start":{"line":110,"column":12},"end":{"line":110,"column":48},"skip":true},"29":{"start":{"line":113,"column":8},"end":{"line":126,"column":10},"skip":true},"30":{"start":{"line":120,"column":12},"end":{"line":120,"column":76},"skip":true},"31":{"start":{"line":121,"column":12},"end":{"line":121,"column":73},"skip":true},"32":{"start":{"line":122,"column":12},"end":{"line":122,"column":74},"skip":true},"33":{"start":{"line":123,"column":12},"end":{"line":123,"column":79},"skip":true},"34":{"start":{"line":124,"column":12},"end":{"line":124,"column":25},"skip":true},"35":{"start":{"line":125,"column":12},"end":{"line":125,"column":45},"skip":true},"36":{"start":{"line":128,"column":8},"end":{"line":135,"column":14},"skip":true},"37":{"start":{"line":133,"column":16},"end":{"line":133,"column":29},"skip":true},"38":{"start":{"line":134,"column":16},"end":{"line":134,"column":55},"skip":true},"39":{"start":{"line":137,"column":8},"end":{"line":146,"column":10},"skip":true},"40":{"start":{"line":144,"column":12},"end":{"line":144,"column":25},"skip":true},"41":{"start":{"line":145,"column":12},"end":{"line":145,"column":45},"skip":true},"42":{"start":{"line":148,"column":8},"end":{"line":157,"column":10},"skip":true},"43":{"start":{"line":155,"column":12},"end":{"line":155,"column":25},"skip":true},"44":{"start":{"line":156,"column":12},"end":{"line":156,"column":48},"skip":true},"45":{"start":{"line":159,"column":8},"end":{"line":168,"column":10},"skip":true},"46":{"start":{"line":166,"column":12},"end":{"line":166,"column":25},"skip":true},"47":{"start":{"line":167,"column":12},"end":{"line":167,"column":46},"skip":true},"48":{"start":{"line":170,"column":8},"end":{"line":179,"column":10},"skip":true},"49":{"start":{"line":177,"column":12},"end":{"line":177,"column":94},"skip":true},"50":{"start":{"line":178,"column":12},"end":{"line":178,"column":48},"skip":true},"51":{"start":{"line":182,"column":8},"end":{"line":182,"column":35},"skip":true},"52":{"start":{"line":183,"column":8},"end":{"line":183,"column":14},"skip":true}},"branchMap":{"1":{"line":25,"type":"binary-expr","locations":[{"start":{"line":25,"column":23},"end":{"line":25,"column":62}},{"start":{"line":26,"column":20},"end":{"line":26,"column":70}},{"start":{"line":27,"column":20},"end":{"line":27,"column":71}},{"start":{"line":28,"column":20},"end":{"line":28,"column":29}}]},"2":{"line":30,"type":"binary-expr","locations":[{"start":{"line":30,"column":23},"end":{"line":30,"column":37}},{"start":{"line":31,"column":20},"end":{"line":31,"column":61}},{"start":{"line":32,"column":20},"end":{"line":32,"column":70}},{"start":{"line":33,"column":20},"end":{"line":33,"column":26}}]},"3":{"line":37,"type":"cond-expr","locations":[{"start":{"line":38,"column":14},"end":{"line":38,"column":20}},{"start":{"line":39,"column":14},"end":{"line":39,"column":20}}]},"4":{"line":40,"type":"switch","locations":[{"start":{"line":42,"column":8},"end":{"line":47,"column":18}},{"start":{"line":49,"column":8},"end":{"line":52,"column":18}}]},"5":{"line":44,"type":"binary-expr","locations":[{"start":{"line":44,"column":16},"end":{"line":44,"column":44}},{"start":{"line":44,"column":48},"end":{"line":44,"column":66}}]},"6":{"line":50,"type":"binary-expr","locations":[{"start":{"line":50,"column":21},"end":{"line":50,"column":49}},{"start":{"line":50,"column":53},"end":{"line":50,"column":72}}]},"7":{"line":64,"type":"switch","locations":[{"start":{"line":69,"column":4},"end":{"line":70,"column":14}},{"start":{"line":75,"column":4},"end":{"line":76,"column":14}}]},"8":{"line":85,"type":"switch","locations":[{"start":{"line":90,"column":4},"end":{"line":95,"column":14}},{"start":{"line":101,"column":4},"end":{"line":183,"column":14},"skip":true}]},"9":{"line":92,"type":"binary-expr","locations":[{"start":{"line":92,"column":18},"end":{"line":92,"column":32}},{"start":{"line":93,"column":12},"end":{"line":93,"column":53}},{"start":{"line":94,"column":12},"end":{"line":94,"column":61}}]},"10":{"line":102,"type":"binary-expr","locations":[{"start":{"line":102,"column":45},"end":{"line":102,"column":79},"skip":true},{"start":{"line":102,"column":83},"end":{"line":111,"column":9},"skip":true}]},"11":{"line":113,"type":"binary-expr","locations":[{"start":{"line":113,"column":42},"end":{"line":113,"column":73},"skip":true},{"start":{"line":113,"column":77},"end":{"line":126,"column":9},"skip":true}]},"12":{"line":128,"type":"binary-expr","locations":[{"start":{"line":128,"column":48},"end":{"line":128,"column":85},"skip":true},{"start":{"line":129,"column":12},"end":{"line":135,"column":13},"skip":true}]},"13":{"line":137,"type":"binary-expr","locations":[{"start":{"line":137,"column":42},"end":{"line":137,"column":73},"skip":true},{"start":{"line":137,"column":77},"end":{"line":146,"column":9},"skip":true}]},"14":{"line":148,"type":"binary-expr","locations":[{"start":{"line":148,"column":45},"end":{"line":148,"column":79},"skip":true},{"start":{"line":148,"column":83},"end":{"line":157,"column":9},"skip":true}]},"15":{"line":159,"type":"binary-expr","locations":[{"start":{"line":159,"column":43},"end":{"line":159,"column":75},"skip":true},{"start":{"line":159,"column":79},"end":{"line":168,"column":9},"skip":true}]},"16":{"line":170,"type":"binary-expr","locations":[{"start":{"line":170,"column":41},"end":{"line":170,"column":71},"skip":true},{"start":{"line":170,"column":75},"end":{"line":179,"column":9},"skip":true}]}},"code":["/* istanbul instrument in package npmtest_vue_server_renderer */","/*jslint","    bitwise: true,","    browser: true,","    maxerr: 8,","    maxlen: 96,","    node: true,","    nomen: true,","    regexp: true,","    stupid: true","*/","(function () {","    'use strict';","    var local;","","","","    // run shared js-env code - pre-init","    (function () {","        // init local","        local = {};","        // init modeJs","        local.modeJs = (function () {","            try {","                return typeof navigator.userAgent === 'string' &&","                    typeof document.querySelector('body') === 'object' &&","                    typeof XMLHttpRequest.prototype.open === 'function' &&","                    'browser';","            } catch (errorCaughtBrowser) {","                return module.exports &&","                    typeof process.versions.node === 'string' &&","                    typeof require('http').createServer === 'function' &&","                    'node';","            }","        }());","        // init global","        local.global = local.modeJs === 'browser'","            ? window","            : global;","        switch (local.modeJs) {","        // re-init local from window.local","        case 'browser':","            local = local.global.utility2.objectSetDefault(","                local.global.utility2_rollup || local.global.local,","                local.global.utility2","            );","            break;","        // re-init local from example.js","        case 'node':","            local = (local.global.utility2_rollup || require('utility2'))","                .requireExampleJsFromReadme();","            break;","        }","        // export local","        local.global.local = local;","    }());","","","","    // run shared js-env code - function","    (function () {","        return;","    }());","    switch (local.modeJs) {","","","","    // run browser js-env code - function","    case 'browser':","        break;","","","","    // run node js-env code - function","    case 'node':","        break;","    }","","","","    // run shared js-env code - post-init","    (function () {","        return;","    }());","    switch (local.modeJs) {","","","","    // run browser js-env code - post-init","    case 'browser':","        // run tests","        local.nop(local.modeTest &&","            document.querySelector('#testRunButton1') &&","            document.querySelector('#testRunButton1').click());","        break;","","","","    // run node js-env code - post-init","    /* istanbul ignore next */","    case 'node':","        local.testCase_buildApidoc_default = local.testCase_buildApidoc_default || function (","            options,","            onError","        ) {","        /*","         * this function will test buildApidoc's default handling-behavior-behavior","         */","            options = { modulePathList: module.paths };","            local.buildApidoc(options, onError);","        };","","        local.testCase_buildApp_default = local.testCase_buildApp_default || function (","            options,","            onError","        ) {","        /*","         * this function will test buildApp's default handling-behavior-behavior","         */","            local.testCase_buildReadme_default(options, local.onErrorThrow);","            local.testCase_buildLib_default(options, local.onErrorThrow);","            local.testCase_buildTest_default(options, local.onErrorThrow);","            local.testCase_buildCustomOrg_default(options, local.onErrorThrow);","            options = [];","            local.buildApp(options, onError);","        };","","        local.testCase_buildCustomOrg_default = local.testCase_buildCustomOrg_default ||","            function (options, onError) {","            /*","             * this function will test buildCustomOrg's default handling-behavior","             */","                options = {};","                local.buildCustomOrg(options, onError);","            };","","        local.testCase_buildLib_default = local.testCase_buildLib_default || function (","            options,","            onError","        ) {","        /*","         * this function will test buildLib's default handling-behavior","         */","            options = {};","            local.buildLib(options, onError);","        };","","        local.testCase_buildReadme_default = local.testCase_buildReadme_default || function (","            options,","            onError","        ) {","        /*","         * this function will test buildReadme's default handling-behavior-behavior","         */","            options = {};","            local.buildReadme(options, onError);","        };","","        local.testCase_buildTest_default = local.testCase_buildTest_default || function (","            options,","            onError","        ) {","        /*","         * this function will test buildTest's default handling-behavior","         */","            options = {};","            local.buildTest(options, onError);","        };","","        local.testCase_webpage_default = local.testCase_webpage_default || function (","            options,","            onError","        ) {","        /*","         * this function will test webpage's default handling-behavior","         */","            options = { modeCoverageMerge: true, url: local.serverLocalHost + '?modeTest=1' };","            local.browserTest(options, onError);","        };","","        // run test-server","        local.testRunServer(local);","        break;","    }","}());",""],"l":{"12":2,"14":2,"19":2,"21":2,"23":2,"24":2,"25":2,"30":1,"37":2,"40":2,"43":1,"47":1,"50":1,"52":1,"55":2,"61":2,"62":2,"64":2,"70":1,"76":1,"82":2,"83":2,"85":2,"92":1,"95":1,"102":1,"109":1,"110":1,"113":1,"120":1,"121":1,"122":1,"123":1,"124":1,"125":1,"128":1,"133":2,"134":2,"137":1,"144":2,"145":2,"148":1,"155":2,"156":2,"159":1,"166":2,"167":2,"170":1,"177":1,"178":1,"182":1,"183":1}},"/home/travis/build/npmtest/node-npmtest-vue-server-renderer/lib.npmtest_vue_server_renderer.js":{"path":"/home/travis/build/npmtest/node-npmtest-vue-server-renderer/lib.npmtest_vue_server_renderer.js","s":{"1":2,"2":2,"3":2,"4":2,"5":2,"6":2,"7":2,"8":1,"9":2,"10":2,"11":2,"12":2,"13":1,"14":1,"15":1,"16":1},"b":{"1":[2,1,1,1],"2":[1,1,1,1],"3":[1,1],"4":[2,2],"5":[1,1]},"f":{"1":2,"2":2,"3":2},"fnMap":{"1":{"name":"(anonymous_1)","line":12,"loc":{"start":{"line":12,"column":1},"end":{"line":12,"column":13}}},"2":{"name":"(anonymous_2)","line":19,"loc":{"start":{"line":19,"column":5},"end":{"line":19,"column":17}}},"3":{"name":"(anonymous_3)","line":23,"loc":{"start":{"line":23,"column":24},"end":{"line":23,"column":36}}}},"statementMap":{"1":{"start":{"line":12,"column":0},"end":{"line":53,"column":5}},"2":{"start":{"line":14,"column":4},"end":{"line":14,"column":14}},"3":{"start":{"line":19,"column":4},"end":{"line":52,"column":9}},"4":{"start":{"line":21,"column":8},"end":{"line":21,"column":19}},"5":{"start":{"line":23,"column":8},"end":{"line":35,"column":13}},"6":{"start":{"line":24,"column":12},"end":{"line":34,"column":13}},"7":{"start":{"line":25,"column":16},"end":{"line":28,"column":30}},"8":{"start":{"line":30,"column":16},"end":{"line":33,"column":27}},"9":{"start":{"line":37,"column":8},"end":{"line":39,"column":21}},"10":{"start":{"line":41,"column":8},"end":{"line":41,"column":54}},"11":{"start":{"line":43,"column":8},"end":{"line":43,"column":64}},"12":{"start":{"line":45,"column":8},"end":{"line":51,"column":9}},"13":{"start":{"line":46,"column":12},"end":{"line":46,"column":70}},"14":{"start":{"line":48,"column":12},"end":{"line":48,"column":35}},"15":{"start":{"line":49,"column":12},"end":{"line":49,"column":49}},"16":{"start":{"line":50,"column":12},"end":{"line":50,"column":43}}},"branchMap":{"1":{"line":25,"type":"binary-expr","locations":[{"start":{"line":25,"column":23},"end":{"line":25,"column":62}},{"start":{"line":26,"column":20},"end":{"line":26,"column":70}},{"start":{"line":27,"column":20},"end":{"line":27,"column":71}},{"start":{"line":28,"column":20},"end":{"line":28,"column":29}}]},"2":{"line":30,"type":"binary-expr","locations":[{"start":{"line":30,"column":23},"end":{"line":30,"column":37}},{"start":{"line":31,"column":20},"end":{"line":31,"column":61}},{"start":{"line":32,"column":20},"end":{"line":32,"column":70}},{"start":{"line":33,"column":20},"end":{"line":33,"column":26}}]},"3":{"line":37,"type":"cond-expr","locations":[{"start":{"line":38,"column":14},"end":{"line":38,"column":20}},{"start":{"line":39,"column":14},"end":{"line":39,"column":20}}]},"4":{"line":41,"type":"binary-expr","locations":[{"start":{"line":41,"column":16},"end":{"line":41,"column":44}},{"start":{"line":41,"column":48},"end":{"line":41,"column":53}}]},"5":{"line":45,"type":"if","locations":[{"start":{"line":45,"column":8},"end":{"line":45,"column":8}},{"start":{"line":45,"column":8},"end":{"line":45,"column":8}}]}},"code":["/* istanbul instrument in package npmtest_vue_server_renderer */","/*jslint","    bitwise: true,","    browser: true,","    maxerr: 8,","    maxlen: 96,","    node: true,","    nomen: true,","    regexp: true,","    stupid: true","*/","(function () {","    'use strict';","    var local;","","","","    // run shared js-env code - pre-init","    (function () {","        // init local","        local = {};","        // init modeJs","        local.modeJs = (function () {","            try {","                return typeof navigator.userAgent === 'string' &&","                    typeof document.querySelector('body') === 'object' &&","                    typeof XMLHttpRequest.prototype.open === 'function' &&","                    'browser';","            } catch (errorCaughtBrowser) {","                return module.exports &&","                    typeof process.versions.node === 'string' &&","                    typeof require('http').createServer === 'function' &&","                    'node';","            }","        }());","        // init global","        local.global = local.modeJs === 'browser'","            ? window","            : global;","        // init utility2_rollup","        local = local.global.utility2_rollup || local;","        // init lib","        local.local = local.npmtest_vue_server_renderer = local;","        // init exports","        if (local.modeJs === 'browser') {","            local.global.utility2_npmtest_vue_server_renderer = local;","        } else {","            module.exports = local;","            module.exports.__dirname = __dirname;","            module.exports.module = module;","        }","    }());","}());",""],"l":{"12":2,"14":2,"19":2,"21":2,"23":2,"24":2,"25":2,"30":1,"37":2,"41":2,"43":2,"45":2,"46":1,"48":1,"49":1,"50":1}},"/home/travis/build/npmtest/node-npmtest-vue-server-renderer/example.js":{"path":"/home/travis/build/npmtest/node-npmtest-vue-server-renderer/example.js","s":{"1":2,"2":2,"3":2,"4":2,"5":2,"6":2,"7":2,"8":1,"9":2,"10":2,"11":2,"12":2,"13":1,"14":2,"15":2,"16":2,"17":2,"18":2,"19":0,"20":2,"21":1,"22":1,"23":1,"24":1,"25":1,"26":0,"27":0,"28":1,"29":1,"30":2,"31":0,"32":0,"33":0,"34":1,"35":2,"36":2,"37":2,"38":2,"39":2,"40":2,"41":0,"42":2,"43":2,"44":2,"45":1,"46":3,"47":1,"48":1,"49":1,"50":1,"51":1,"52":1,"53":1,"54":1,"55":1,"56":1,"57":0,"58":1,"59":6,"60":6,"61":1,"62":2,"63":0,"64":2,"65":1,"66":1,"67":0,"68":0,"69":0,"70":0,"71":0,"72":0,"73":0,"74":0,"75":0,"76":0,"77":0,"78":0,"79":0,"80":0,"81":0,"82":0,"83":0},"b":{"1":[2,1,1,1],"2":[1,1,1,1],"3":[1,1],"4":[2,2],"5":[1,1],"6":[1,1],"7":[2,0],"8":[2,1,1,1,1,1],"9":[0,2,0],"10":[1,1],"11":[2,1,1],"12":[1,0],"13":[0,2],"14":[2,0,0,0,0,0,0],"15":[0,2],"16":[2,0],"17":[1,1],"18":[0,1],"19":[1,2,0,2],"20":[1,0],"21":[1,1],"22":[0,0],"23":[0,0],"24":[0,0],"25":[0,0],"26":[0,0],"27":[0,0],"28":[0,0]},"f":{"1":2,"2":2,"3":2,"4":2,"5":2,"6":2,"7":2,"8":2,"9":3,"10":1,"11":6,"12":0},"fnMap":{"1":{"name":"(anonymous_1)","line":26,"loc":{"start":{"line":26,"column":1},"end":{"line":26,"column":13}}},"2":{"name":"(anonymous_2)","line":33,"loc":{"start":{"line":33,"column":5},"end":{"line":33,"column":17}}},"3":{"name":"(anonymous_3)","line":37,"loc":{"start":{"line":37,"column":24},"end":{"line":37,"column":36}}},"4":{"name":"(anonymous_4)","line":69,"loc":{"start":{"line":69,"column":31},"end":{"line":69,"column":48}},"skip":true},"5":{"name":"(anonymous_5)","line":78,"loc":{"start":{"line":78,"column":26},"end":{"line":78,"column":45}},"skip":true},"6":{"name":"(anonymous_6)","line":123,"loc":{"start":{"line":123,"column":33},"end":{"line":123,"column":48}},"skip":true},"7":{"name":"(anonymous_7)","line":125,"loc":{"start":{"line":125,"column":27},"end":{"line":125,"column":39}},"skip":true},"8":{"name":"(anonymous_8)","line":133,"loc":{"start":{"line":133,"column":59},"end":{"line":133,"column":74}},"skip":true},"9":{"name":"(anonymous_9)","line":143,"loc":{"start":{"line":143,"column":45},"end":{"line":143,"column":62}},"skip":true},"10":{"name":"(anonymous_10)","line":144,"loc":{"start":{"line":144,"column":73},"end":{"line":144,"column":92}},"skip":true},"11":{"name":"(anonymous_11)","line":272,"loc":{"start":{"line":272,"column":51},"end":{"line":272,"column":77}},"skip":true},"12":{"name":"(anonymous_12)","line":314,"loc":{"start":{"line":314,"column":32},"end":{"line":314,"column":61}},"skip":true}},"statementMap":{"1":{"start":{"line":26,"column":0},"end":{"line":325,"column":5}},"2":{"start":{"line":28,"column":4},"end":{"line":28,"column":14}},"3":{"start":{"line":33,"column":4},"end":{"line":60,"column":9}},"4":{"start":{"line":35,"column":8},"end":{"line":35,"column":19}},"5":{"start":{"line":37,"column":8},"end":{"line":49,"column":13}},"6":{"start":{"line":38,"column":12},"end":{"line":48,"column":13}},"7":{"start":{"line":39,"column":16},"end":{"line":42,"column":30}},"8":{"start":{"line":44,"column":16},"end":{"line":47,"column":27}},"9":{"start":{"line":51,"column":8},"end":{"line":53,"column":21}},"10":{"start":{"line":55,"column":8},"end":{"line":57,"column":45}},"11":{"start":{"line":59,"column":8},"end":{"line":59,"column":35}},"12":{"start":{"line":61,"column":4},"end":{"line":324,"column":5}},"13":{"start":{"line":69,"column":8},"end":{"line":121,"column":10},"skip":true},"14":{"start":{"line":70,"column":12},"end":{"line":88,"column":13},"skip":true},"15":{"start":{"line":76,"column":16},"end":{"line":87,"column":19},"skip":true},"16":{"start":{"line":79,"column":20},"end":{"line":86,"column":21},"skip":true},"17":{"start":{"line":82,"column":24},"end":{"line":82,"column":43},"skip":true},"18":{"start":{"line":83,"column":24},"end":{"line":83,"column":30},"skip":true},"19":{"start":{"line":85,"column":24},"end":{"line":85,"column":49},"skip":true},"20":{"start":{"line":89,"column":12},"end":{"line":107,"column":13},"skip":true},"21":{"start":{"line":92,"column":16},"end":{"line":102,"column":17},"skip":true},"22":{"start":{"line":93,"column":20},"end":{"line":93,"column":86},"skip":true},"23":{"start":{"line":94,"column":20},"end":{"line":95,"column":45},"skip":true},"24":{"start":{"line":96,"column":20},"end":{"line":96,"column":42},"skip":true},"25":{"start":{"line":97,"column":20},"end":{"line":97,"column":48},"skip":true},"26":{"start":{"line":100,"column":20},"end":{"line":100,"column":85},"skip":true},"27":{"start":{"line":101,"column":20},"end":{"line":101,"column":96},"skip":true},"28":{"start":{"line":103,"column":16},"end":{"line":103,"column":22},"skip":true},"29":{"start":{"line":106,"column":16},"end":{"line":106,"column":22},"skip":true},"30":{"start":{"line":108,"column":12},"end":{"line":120,"column":13},"skip":true},"31":{"start":{"line":114,"column":16},"end":{"line":119,"column":17},"skip":true},"32":{"start":{"line":116,"column":20},"end":{"line":116,"column":78},"skip":true},"33":{"start":{"line":118,"column":20},"end":{"line":118,"column":47},"skip":true},"34":{"start":{"line":123,"column":8},"end":{"line":141,"column":11},"skip":true},"35":{"start":{"line":124,"column":12},"end":{"line":124,"column":54},"skip":true},"36":{"start":{"line":125,"column":12},"end":{"line":140,"column":14},"skip":true},"37":{"start":{"line":126,"column":16},"end":{"line":126,"column":28},"skip":true},"38":{"start":{"line":127,"column":16},"end":{"line":127,"column":69},"skip":true},"39":{"start":{"line":128,"column":16},"end":{"line":128,"column":75},"skip":true},"40":{"start":{"line":129,"column":16},"end":{"line":131,"column":17},"skip":true},"41":{"start":{"line":130,"column":20},"end":{"line":130,"column":27},"skip":true},"42":{"start":{"line":133,"column":16},"end":{"line":137,"column":36},"skip":true},"43":{"start":{"line":134,"column":20},"end":{"line":136,"column":55},"skip":true},"44":{"start":{"line":139,"column":16},"end":{"line":139,"column":57},"skip":true},"45":{"start":{"line":143,"column":8},"end":{"line":147,"column":11},"skip":true},"46":{"start":{"line":144,"column":12},"end":{"line":146,"column":15},"skip":true},"47":{"start":{"line":145,"column":16},"end":{"line":145,"column":70},"skip":true},"48":{"start":{"line":149,"column":8},"end":{"line":149,"column":31},"skip":true},"49":{"start":{"line":150,"column":8},"end":{"line":150,"column":14},"skip":true},"50":{"start":{"line":158,"column":8},"end":{"line":158,"column":31},"skip":true},"51":{"start":{"line":160,"column":8},"end":{"line":160,"column":33},"skip":true},"52":{"start":{"line":161,"column":8},"end":{"line":161,"column":37},"skip":true},"53":{"start":{"line":162,"column":8},"end":{"line":162,"column":35},"skip":true},"54":{"start":{"line":164,"column":8},"end":{"line":164,"column":50},"skip":true},"55":{"start":{"line":166,"column":8},"end":{"line":256,"column":2},"skip":true},"56":{"start":{"line":258,"column":8},"end":{"line":286,"column":9},"skip":true},"57":{"start":{"line":259,"column":12},"end":{"line":269,"column":14},"skip":true},"58":{"start":{"line":271,"column":12},"end":{"line":285,"column":19},"skip":true},"59":{"start":{"line":274,"column":20},"end":{"line":274,"column":35},"skip":true},"60":{"start":{"line":275,"column":20},"end":{"line":284,"column":21},"skip":true},"61":{"start":{"line":277,"column":24},"end":{"line":277,"column":64},"skip":true},"62":{"start":{"line":279,"column":24},"end":{"line":279,"column":40},"skip":true},"63":{"start":{"line":281,"column":24},"end":{"line":281,"column":40},"skip":true},"64":{"start":{"line":283,"column":24},"end":{"line":283,"column":39},"skip":true},"65":{"start":{"line":288,"column":8},"end":{"line":290,"column":9},"skip":true},"66":{"start":{"line":289,"column":12},"end":{"line":289,"column":18},"skip":true},"67":{"start":{"line":291,"column":8},"end":{"line":293,"column":54},"skip":true},"68":{"start":{"line":294,"column":8},"end":{"line":301,"column":37},"skip":true},"69":{"start":{"line":302,"column":8},"end":{"line":302,"column":82},"skip":true},"70":{"start":{"line":305,"column":8},"end":{"line":307,"column":9},"skip":true},"71":{"start":{"line":306,"column":12},"end":{"line":306,"column":82},"skip":true},"72":{"start":{"line":309,"column":8},"end":{"line":311,"column":9},"skip":true},"73":{"start":{"line":310,"column":12},"end":{"line":310,"column":18},"skip":true},"74":{"start":{"line":312,"column":8},"end":{"line":312,"column":54},"skip":true},"75":{"start":{"line":313,"column":8},"end":{"line":313,"column":69},"skip":true},"76":{"start":{"line":314,"column":8},"end":{"line":322,"column":36},"skip":true},"77":{"start":{"line":315,"column":12},"end":{"line":315,"column":61},"skip":true},"78":{"start":{"line":316,"column":12},"end":{"line":319,"column":13},"skip":true},"79":{"start":{"line":317,"column":16},"end":{"line":317,"column":75},"skip":true},"80":{"start":{"line":318,"column":16},"end":{"line":318,"column":23},"skip":true},"81":{"start":{"line":320,"column":12},"end":{"line":320,"column":38},"skip":true},"82":{"start":{"line":321,"column":12},"end":{"line":321,"column":27},"skip":true},"83":{"start":{"line":323,"column":8},"end":{"line":323,"column":14},"skip":true}},"branchMap":{"1":{"line":39,"type":"binary-expr","locations":[{"start":{"line":39,"column":23},"end":{"line":39,"column":62}},{"start":{"line":40,"column":20},"end":{"line":40,"column":70}},{"start":{"line":41,"column":20},"end":{"line":41,"column":71}},{"start":{"line":42,"column":20},"end":{"line":42,"column":29}}]},"2":{"line":44,"type":"binary-expr","locations":[{"start":{"line":44,"column":23},"end":{"line":44,"column":37}},{"start":{"line":45,"column":20},"end":{"line":45,"column":61}},{"start":{"line":46,"column":20},"end":{"line":46,"column":70}},{"start":{"line":47,"column":20},"end":{"line":47,"column":26}}]},"3":{"line":51,"type":"cond-expr","locations":[{"start":{"line":52,"column":14},"end":{"line":52,"column":20}},{"start":{"line":53,"column":14},"end":{"line":53,"column":20}}]},"4":{"line":55,"type":"binary-expr","locations":[{"start":{"line":55,"column":16},"end":{"line":55,"column":44}},{"start":{"line":55,"column":49},"end":{"line":57,"column":43}}]},"5":{"line":55,"type":"cond-expr","locations":[{"start":{"line":56,"column":14},"end":{"line":56,"column":63}},{"start":{"line":57,"column":14},"end":{"line":57,"column":43}}]},"6":{"line":61,"type":"switch","locations":[{"start":{"line":68,"column":4},"end":{"line":150,"column":14},"skip":true},{"start":{"line":156,"column":4},"end":{"line":323,"column":14},"skip":true}]},"7":{"line":70,"type":"if","locations":[{"start":{"line":70,"column":12},"end":{"line":70,"column":12},"skip":true},{"start":{"line":70,"column":12},"end":{"line":70,"column":12},"skip":true}]},"8":{"line":70,"type":"binary-expr","locations":[{"start":{"line":70,"column":16},"end":{"line":70,"column":22},"skip":true},{"start":{"line":70,"column":27},"end":{"line":70,"column":32},"skip":true},{"start":{"line":71,"column":20},"end":{"line":71,"column":39},"skip":true},{"start":{"line":72,"column":20},"end":{"line":72,"column":49},"skip":true},{"start":{"line":73,"column":20},"end":{"line":73,"column":58},"skip":true},{"start":{"line":74,"column":20},"end":{"line":74,"column":69},"skip":true}]},"9":{"line":79,"type":"switch","locations":[{"start":{"line":80,"column":20},"end":{"line":80,"column":33},"skip":true},{"start":{"line":81,"column":20},"end":{"line":83,"column":30},"skip":true},{"start":{"line":84,"column":20},"end":{"line":85,"column":49},"skip":true}]},"10":{"line":89,"type":"switch","locations":[{"start":{"line":90,"column":12},"end":{"line":103,"column":22},"skip":true},{"start":{"line":105,"column":12},"end":{"line":106,"column":22},"skip":true}]},"11":{"line":89,"type":"binary-expr","locations":[{"start":{"line":89,"column":20},"end":{"line":89,"column":25},"skip":true},{"start":{"line":89,"column":29},"end":{"line":89,"column":48},"skip":true},{"start":{"line":89,"column":52},"end":{"line":89,"column":74},"skip":true}]},"12":{"line":92,"type":"if","locations":[{"start":{"line":92,"column":16},"end":{"line":92,"column":16},"skip":true},{"start":{"line":92,"column":16},"end":{"line":92,"column":16},"skip":true}]},"13":{"line":108,"type":"if","locations":[{"start":{"line":108,"column":12},"end":{"line":108,"column":12},"skip":true},{"start":{"line":108,"column":12},"end":{"line":108,"column":12},"skip":true}]},"14":{"line":108,"type":"binary-expr","locations":[{"start":{"line":108,"column":16},"end":{"line":108,"column":61},"skip":true},{"start":{"line":108,"column":66},"end":{"line":108,"column":72},"skip":true},{"start":{"line":108,"column":77},"end":{"line":108,"column":82},"skip":true},{"start":{"line":109,"column":20},"end":{"line":109,"column":39},"skip":true},{"start":{"line":110,"column":20},"end":{"line":110,"column":49},"skip":true},{"start":{"line":111,"column":20},"end":{"line":111,"column":58},"skip":true},{"start":{"line":112,"column":20},"end":{"line":112,"column":68},"skip":true}]},"15":{"line":129,"type":"if","locations":[{"start":{"line":129,"column":16},"end":{"line":129,"column":16},"skip":true},{"start":{"line":129,"column":16},"end":{"line":129,"column":16},"skip":true}]},"16":{"line":134,"type":"cond-expr","locations":[{"start":{"line":135,"column":26},"end":{"line":135,"column":29},"skip":true},{"start":{"line":136,"column":26},"end":{"line":136,"column":54},"skip":true}]},"17":{"line":164,"type":"binary-expr","locations":[{"start":{"line":164,"column":27},"end":{"line":164,"column":43},"skip":true},{"start":{"line":164,"column":47},"end":{"line":164,"column":49},"skip":true}]},"18":{"line":258,"type":"if","locations":[{"start":{"line":258,"column":8},"end":{"line":258,"column":8},"skip":true},{"start":{"line":258,"column":8},"end":{"line":258,"column":8},"skip":true}]},"19":{"line":275,"type":"switch","locations":[{"start":{"line":276,"column":20},"end":{"line":277,"column":64},"skip":true},{"start":{"line":278,"column":20},"end":{"line":279,"column":40},"skip":true},{"start":{"line":280,"column":20},"end":{"line":281,"column":40},"skip":true},{"start":{"line":282,"column":20},"end":{"line":283,"column":39},"skip":true}]},"20":{"line":288,"type":"if","locations":[{"start":{"line":288,"column":8},"end":{"line":288,"column":8},"skip":true},{"start":{"line":288,"column":8},"end":{"line":288,"column":8},"skip":true}]},"21":{"line":288,"type":"binary-expr","locations":[{"start":{"line":288,"column":12},"end":{"line":288,"column":40},"skip":true},{"start":{"line":288,"column":44},"end":{"line":288,"column":67},"skip":true}]},"22":{"line":292,"type":"binary-expr","locations":[{"start":{"line":292,"column":12},"end":{"line":292,"column":50},"skip":true},{"start":{"line":293,"column":12},"end":{"line":293,"column":53},"skip":true}]},"23":{"line":295,"type":"binary-expr","locations":[{"start":{"line":295,"column":12},"end":{"line":295,"column":77},"skip":true},{"start":{"line":296,"column":12},"end":{"line":301,"column":36},"skip":true}]},"24":{"line":302,"type":"binary-expr","locations":[{"start":{"line":302,"column":43},"end":{"line":302,"column":75},"skip":true},{"start":{"line":302,"column":79},"end":{"line":302,"column":81},"skip":true}]},"25":{"line":305,"type":"if","locations":[{"start":{"line":305,"column":8},"end":{"line":305,"column":8},"skip":true},{"start":{"line":305,"column":8},"end":{"line":305,"column":8},"skip":true}]},"26":{"line":309,"type":"if","locations":[{"start":{"line":309,"column":8},"end":{"line":309,"column":8},"skip":true},{"start":{"line":309,"column":8},"end":{"line":309,"column":8},"skip":true}]},"27":{"line":312,"type":"binary-expr","locations":[{"start":{"line":312,"column":27},"end":{"line":312,"column":43},"skip":true},{"start":{"line":312,"column":47},"end":{"line":312,"column":53},"skip":true}]},"28":{"line":316,"type":"if","locations":[{"start":{"line":316,"column":12},"end":{"line":316,"column":12},"skip":true},{"start":{"line":316,"column":12},"end":{"line":316,"column":12},"skip":true}]}},"code":["/*","example.js","","quickstart example","","instruction","    1. save this script as example.js","    2. run the shell command:","        $ npm install npmtest-vue-server-renderer && PORT=8081 node example.js","    3. play with the browser-demo on http://127.0.0.1:8081","*/","","","","/* istanbul instrument in package npmtest_vue_server_renderer */","/*jslint","    bitwise: true,","    browser: true,","    maxerr: 8,","    maxlen: 96,","    node: true,","    nomen: true,","    regexp: true,","    stupid: true","*/","(function () {","    'use strict';","    var local;","","","","    // run shared js-env code - pre-init","    (function () {","        // init local","        local = {};","        // init modeJs","        local.modeJs = (function () {","            try {","                return typeof navigator.userAgent === 'string' &&","                    typeof document.querySelector('body') === 'object' &&","                    typeof XMLHttpRequest.prototype.open === 'function' &&","                    'browser';","            } catch (errorCaughtBrowser) {","                return module.exports &&","                    typeof process.versions.node === 'string' &&","                    typeof require('http').createServer === 'function' &&","                    'node';","            }","        }());","        // init global","        local.global = local.modeJs === 'browser'","            ? window","            : global;","        // init utility2_rollup","        local = local.global.utility2_rollup || (local.modeJs === 'browser'","            ? local.global.utility2_npmtest_vue_server_renderer","            : global.utility2_moduleExports);","        // export local","        local.global.local = local;","    }());","    switch (local.modeJs) {","","","","    // post-init","    // run browser js-env code - post-init","    /* istanbul ignore next */","    case 'browser':","        local.testRunBrowser = function (event) {","            if (!event || (event &&","                    event.currentTarget &&","                    event.currentTarget.className &&","                    event.currentTarget.className.includes &&","                    event.currentTarget.className.includes('onreset'))) {","                // reset output","                Array.from(","                    document.querySelectorAll('body > .resettable')","                ).forEach(function (element) {","                    switch (element.tagName) {","                    case 'INPUT':","                    case 'TEXTAREA':","                        element.value = '';","                        break;","                    default:","                        element.textContent = '';","                    }","                });","            }","            switch (event && event.currentTarget && event.currentTarget.id) {","            case 'testRunButton1':","                // show tests","                if (document.querySelector('#testReportDiv1').style.display === 'none') {","                    document.querySelector('#testReportDiv1').style.display = 'block';","                    document.querySelector('#testRunButton1').textContent =","                        'hide internal test';","                    local.modeTest = true;","                    local.testRunDefault(local);","                // hide tests","                } else {","                    document.querySelector('#testReportDiv1').style.display = 'none';","                    document.querySelector('#testRunButton1').textContent = 'run internal test';","                }","                break;","            // custom-case","            default:","                break;","            }","            if (document.querySelector('#inputTextareaEval1') && (!event || (event &&","                    event.currentTarget &&","                    event.currentTarget.className &&","                    event.currentTarget.className.includes &&","                    event.currentTarget.className.includes('oneval')))) {","                // try to eval input-code","                try {","                    /*jslint evil: true*/","                    eval(document.querySelector('#inputTextareaEval1').value);","                } catch (errorCaught) {","                    console.error(errorCaught);","                }","            }","        };","        // log stderr and stdout to #outputTextareaStdout1","        ['error', 'log'].forEach(function (key) {","            console[key + '_original'] = console[key];","            console[key] = function () {","                var element;","                console[key + '_original'].apply(console, arguments);","                element = document.querySelector('#outputTextareaStdout1');","                if (!element) {","                    return;","                }","                // append text to #outputTextareaStdout1","                element.value += Array.from(arguments).map(function (arg) {","                    return typeof arg === 'string'","                        ? arg","                        : JSON.stringify(arg, null, 4);","                }).join(' ') + '\\n';","                // scroll textarea to bottom","                element.scrollTop = element.scrollHeight;","            };","        });","        // init event-handling","        ['change', 'click', 'keyup'].forEach(function (event) {","            Array.from(document.querySelectorAll('.on' + event)).forEach(function (element) {","                element.addEventListener(event, local.testRunBrowser);","            });","        });","        // run tests","        local.testRunBrowser();","        break;","","","","    // run node js-env code - post-init","    /* istanbul ignore next */","    case 'node':","        // export local","        module.exports = local;","        // require modules","        local.fs = require('fs');","        local.http = require('http');","        local.url = require('url');","        // init assets","        local.assetsDict = local.assetsDict || {};","        /* jslint-ignore-begin */","        local.assetsDict['/assets.index.template.html'] = '\\","<!doctype html>\\n\\","<html lang=\"en\">\\n\\","<head>\\n\\","<meta charset=\"UTF-8\">\\n\\","<meta name=\"viewport\" content=\"width=device-width, initial-scale=1\">\\n\\","<title>{{env.npm_package_name}} (v{{env.npm_package_version}})</title>\\n\\","<style>\\n\\","/*csslint\\n\\","    box-sizing: false,\\n\\","    universal-selector: false\\n\\","*/\\n\\","* {\\n\\","    box-sizing: border-box;\\n\\","}\\n\\","body {\\n\\","    background: #dde;\\n\\","    font-family: Arial, Helvetica, sans-serif;\\n\\","    margin: 2rem;\\n\\","}\\n\\","body > * {\\n\\","    margin-bottom: 1rem;\\n\\","}\\n\\",".utility2FooterDiv {\\n\\","    margin-top: 20px;\\n\\","    text-align: center;\\n\\","}\\n\\","</style>\\n\\","<style>\\n\\","/*csslint\\n\\","*/\\n\\","textarea {\\n\\","    font-family: monospace;\\n\\","    height: 10rem;\\n\\","    width: 100%;\\n\\","}\\n\\","textarea[readonly] {\\n\\","    background: #ddd;\\n\\","}\\n\\","</style>\\n\\","</head>\\n\\","<body>\\n\\","<!-- utility2-comment\\n\\","<div id=\"ajaxProgressDiv1\" style=\"background: #d00; height: 2px; left: 0; margin: 0; padding: 0; position: fixed; top: 0; transition: background 0.5s, width 1.5s; width: 25%;\"></div>\\n\\","utility2-comment -->\\n\\","<h1>\\n\\","<!-- utility2-comment\\n\\","    <a\\n\\","        {{#if env.npm_package_homepage}}\\n\\","        href=\"{{env.npm_package_homepage}}\"\\n\\","        {{/if env.npm_package_homepage}}\\n\\","        target=\"_blank\"\\n\\","    >\\n\\","utility2-comment -->\\n\\","        {{env.npm_package_name}} (v{{env.npm_package_version}})\\n\\","<!-- utility2-comment\\n\\","    </a>\\n\\","utility2-comment -->\\n\\","</h1>\\n\\","<h3>{{env.npm_package_description}}</h3>\\n\\","<!-- utility2-comment\\n\\","<h4><a download href=\"assets.app.js\">download standalone app</a></h4>\\n\\","<button class=\"onclick onreset\" id=\"testRunButton1\">run internal test</button><br>\\n\\","<div id=\"testReportDiv1\" style=\"display: none;\"></div>\\n\\","utility2-comment -->\\n\\","\\n\\","\\n\\","\\n\\","<label>stderr and stdout</label>\\n\\","<textarea class=\"resettable\" id=\"outputTextareaStdout1\" readonly></textarea>\\n\\","<!-- utility2-comment\\n\\","{{#if isRollup}}\\n\\","<script src=\"assets.app.js\"></script>\\n\\","{{#unless isRollup}}\\n\\","utility2-comment -->\\n\\","<script src=\"assets.utility2.rollup.js\"></script>\\n\\","<script src=\"jsonp.utility2._stateInit?callback=window.utility2._stateInit\"></script>\\n\\","<script src=\"assets.npmtest_vue_server_renderer.rollup.js\"></script>\\n\\","<script src=\"assets.example.js\"></script>\\n\\","<script src=\"assets.test.js\"></script>\\n\\","<!-- utility2-comment\\n\\","{{/if isRollup}}\\n\\","utility2-comment -->\\n\\","<div class=\"utility2FooterDiv\">\\n\\","    [ this app was created with\\n\\","    <a href=\"https://github.com/kaizhu256/node-utility2\" target=\"_blank\">utility2</a>\\n\\","    ]\\n\\","</div>\\n\\","</body>\\n\\","</html>\\n\\","';","        /* jslint-ignore-end */","        if (local.templateRender) {","            local.assetsDict['/'] = local.templateRender(","                local.assetsDict['/assets.index.template.html'],","                {","                    env: local.objectSetDefault(local.env, {","                        npm_package_description: 'the greatest app in the world!',","                        npm_package_name: 'my-app',","                        npm_package_nameAlias: 'my_app',","                        npm_package_version: '0.0.1'","                    })","                }","            );","        } else {","            local.assetsDict['/'] = local.assetsDict['/assets.index.template.html']","                .replace((/\\{\\{env\\.(\\w+?)\\}\\}/g), function (match0, match1) {","                    // jslint-hack","                    String(match0);","                    switch (match1) {","                    case 'npm_package_description':","                        return 'the greatest app in the world!';","                    case 'npm_package_name':","                        return 'my-app';","                    case 'npm_package_nameAlias':","                        return 'my_app';","                    case 'npm_package_version':","                        return '0.0.1';","                    }","                });","        }","        // run the cli","        if (local.global.utility2_rollup || module !== require.main) {","            break;","        }","        local.assetsDict['/assets.example.js'] =","            local.assetsDict['/assets.example.js'] ||","            local.fs.readFileSync(__filename, 'utf8');","        local.assetsDict['/assets.npmtest_vue_server_renderer.rollup.js'] =","            local.assetsDict['/assets.npmtest_vue_server_renderer.rollup.js'] ||","            local.fs.readFileSync(","                // buildCustomOrg-hack","                local.npmtest_vue_server_renderer.__dirname +","                    '/lib.npmtest_vue_server_renderer.js',","                'utf8'","            ).replace((/^#!/), '//');","        local.assetsDict['/favicon.ico'] = local.assetsDict['/favicon.ico'] || '';","        // if $npm_config_timeout_exit exists,","        // then exit this process after $npm_config_timeout_exit ms","        if (Number(process.env.npm_config_timeout_exit)) {","            setTimeout(process.exit, Number(process.env.npm_config_timeout_exit));","        }","        // start server","        if (local.global.utility2_serverHttp1) {","            break;","        }","        process.env.PORT = process.env.PORT || '8081';","        console.error('server starting on port ' + process.env.PORT);","        local.http.createServer(function (request, response) {","            request.urlParsed = local.url.parse(request.url);","            if (local.assetsDict[request.urlParsed.pathname] !== undefined) {","                response.end(local.assetsDict[request.urlParsed.pathname]);","                return;","            }","            response.statusCode = 404;","            response.end();","        }).listen(process.env.PORT);","        break;","    }","}());",""],"l":{"26":2,"28":2,"33":2,"35":2,"37":2,"38":2,"39":2,"44":1,"51":2,"55":2,"59":2,"61":2,"69":1,"70":2,"76":2,"79":2,"82":2,"83":2,"85":1,"89":2,"92":1,"93":1,"94":1,"96":1,"97":1,"100":1,"101":1,"103":1,"106":1,"108":2,"114":1,"116":1,"118":1,"123":1,"124":2,"125":2,"126":2,"127":2,"128":2,"129":2,"130":1,"133":2,"134":2,"139":2,"143":1,"144":3,"145":1,"149":1,"150":1,"158":1,"160":1,"161":1,"162":1,"164":1,"166":1,"258":1,"259":1,"271":1,"274":6,"275":6,"277":1,"279":2,"281":1,"283":2,"288":1,"289":1,"291":1,"294":1,"302":1,"305":1,"306":1,"309":1,"310":1,"312":1,"313":1,"314":1,"315":1,"316":1,"317":1,"318":1,"320":1,"321":1,"323":1}},"/home/travis/build/npmtest/node-npmtest-vue-server-renderer/node_modules/vue-server-renderer/index.js":{"path":"/home/travis/build/npmtest/node-npmtest-vue-server-renderer/node_modules/vue-server-renderer/index.js","s":{"1":1,"2":1,"3":1,"4":1,"5":1,"6":0,"7":1},"b":{"1":[0,1],"2":[1,0]},"f":{},"fnMap":{},"statementMap":{"1":{"start":{"line":1,"column":0},"end":{"line":3,"column":14}},"2":{"start":{"line":2,"column":2},"end":{"line":2,"column":41}},"3":{"start":{"line":5,"column":0},"end":{"line":5,"column":48}},"4":{"start":{"line":6,"column":0},"end":{"line":6,"column":54}},"5":{"start":{"line":7,"column":0},"end":{"line":14,"column":1}},"6":{"start":{"line":8,"column":2},"end":{"line":13,"column":3}},"7":{"start":{"line":16,"column":0},"end":{"line":16,"column":35}}},"branchMap":{"1":{"line":7,"type":"if","locations":[{"start":{"line":7,"column":0},"end":{"line":7,"column":0}},{"start":{"line":7,"column":0},"end":{"line":7,"column":0}}]},"2":{"line":7,"type":"binary-expr","locations":[{"start":{"line":7,"column":4},"end":{"line":7,"column":14}},{"start":{"line":7,"column":18},"end":{"line":7,"column":47}}]}},"code":["try {","  var vueVersion = require('vue').version","} catch (e) {}","","var packageName = require('./package.json').name","var packageVersion = require('./package.json').version","if (vueVersion && vueVersion !== packageVersion) {","  throw new Error(","    '\\n\\nVue packages version mismatch:\\n\\n' +","    '- vue@' + vueVersion + '\\n' +","    '- ' + packageName + '@' + packageVersion + '\\n\\n' +","    'This may cause things to work incorrectly. Make sure to use the same version for both.\\n'","  )","}","","module.exports = require('./build')",""],"l":{"1":1,"2":1,"5":1,"6":1,"7":1,"8":0,"16":1}},"/home/travis/build/npmtest/node-npmtest-vue-server-renderer/node_modules/vue-server-renderer/build.js":{"path":"/home/travis/build/npmtest/node-npmtest-vue-server-renderer/node_modules/vue-server-renderer/build.js","s":{"1":1,"2":1,"3":1,"4":1,"5":0,"6":0,"7":0,"8":0,"9":0,"10":0,"11":0,"12":0,"13":0,"14":0,"15":0,"16":0,"17":0,"18":0,"19":0,"20":0,"21":0,"22":1,"23":1,"24":1,"25":0,"26":0,"27":0,"28":0,"29":0,"30":0,"31":0,"32":0,"33":0,"34":0,"35":0,"36":0,"37":0,"38":0,"39":0,"40":0,"41":1,"42":1,"43":1,"44":1,"45":1,"46":0,"47":0,"48":0,"49":1,"50":0,"51":0,"52":0,"53":1,"54":0,"55":0,"56":0,"57":1,"58":0,"59":0,"60":0,"61":0,"62":0,"63":0,"64":0,"65":0,"66":0,"67":0,"68":1,"69":1,"70":0,"71":0,"72":0,"73":0,"74":0,"75":0,"76":0,"77":0,"78":0,"79":0,"80":0,"81":0,"82":0,"83":0,"84":0,"85":1,"86":0,"87":0,"88":0,"89":0,"90":0,"91":0,"92":0,"93":0,"94":0,"95":0,"96":0,"97":0,"98":0,"99":0,"100":0,"101":0,"102":0,"103":0,"104":0,"105":0,"106":0,"107":0,"108":0,"109":0,"110":0,"111":0,"112":0,"113":0,"114":1,"115":0,"116":0,"117":0,"118":0,"119":0,"120":0,"121":0,"122":0,"123":1,"124":0,"125":1,"126":0,"127":0,"128":1,"129":13,"130":13,"131":13,"132":429,"133":13,"134":0,"135":0,"136":1,"137":1,"138":0,"139":0,"140":0,"141":0,"142":1,"143":1,"144":0,"145":1,"146":0,"147":1,"148":8,"149":8,"150":0,"151":0,"152":1,"153":1,"154":0,"155":0,"156":1,"157":0,"158":1,"159":1,"160":0,"161":1,"162":1,"163":0,"164":0,"165":0,"166":0,"167":1,"168":0,"169":0,"170":0,"171":0,"172":0,"173":0,"174":1,"175":0,"176":0,"177":0,"178":1,"179":0,"180":1,"181":1,"182":1,"183":0,"184":1,"185":0,"186":0,"187":0,"188":0,"189":0,"190":1,"191":1,"192":0,"193":1,"194":0,"195":1,"196":1,"197":2,"198":1,"199":0,"200":0,"201":0,"202":0,"203":0,"204":0,"205":0,"206":0,"207":0,"208":1,"209":0,"210":0,"211":0,"212":0,"213":1,"214":1,"215":1,"216":1,"217":1,"218":1,"219":1,"220":1,"221":1,"222":1,"223":1,"224":1,"225":1,"226":1,"227":1,"228":1,"229":1,"230":1,"231":1,"232":1,"233":1,"234":1,"235":1,"236":1,"237":0,"238":0,"239":0,"240":1,"241":0,"242":0,"243":0,"244":0,"245":0,"246":0,"247":0,"248":0,"249":0,"250":0,"251":0,"252":0,"253":0,"254":0,"255":0,"256":0,"257":0,"258":0,"259":0,"260":0,"261":0,"262":0,"263":0,"264":0,"265":0,"266":0,"267":0,"268":0,"269":0,"270":0,"271":0,"272":0,"273":0,"274":0,"275":0,"276":0,"277":0,"278":0,"279":0,"280":0,"281":0,"282":0,"283":0,"284":0,"285":0,"286":0,"287":0,"288":0,"289":0,"290":0,"291":0,"292":0,"293":0,"294":0,"295":0,"296":0,"297":0,"298":0,"299":0,"300":0,"301":0,"302":0,"303":0,"304":0,"305":0,"306":0,"307":0,"308":0,"309":0,"310":0,"311":1,"312":0,"313":0,"314":1,"315":0,"316":0,"317":0,"318":0,"319":0,"320":0,"321":0,"322":0,"323":0,"324":0,"325":0,"326":0,"327":0,"328":1,"329":0,"330":0,"331":0,"332":0,"333":0,"334":0,"335":0,"336":0,"337":0,"338":0,"339":0,"340":0,"341":0,"342":0,"343":0,"344":0,"345":0,"346":0,"347":0,"348":0,"349":0,"350":0,"351":0,"352":0,"353":0,"354":0,"355":1,"356":0,"357":0,"358":0,"359":0,"360":0,"361":0,"362":0,"363":0,"364":0,"365":0,"366":0,"367":0,"368":0,"369":0,"370":0,"371":0,"372":0,"373":0,"374":0,"375":0,"376":0,"377":0,"378":0,"379":0,"380":0,"381":0,"382":0,"383":0,"384":1,"385":1,"386":0,"387":0,"388":0,"389":0,"390":0,"391":0,"392":0,"393":0,"394":0,"395":0,"396":0,"397":0,"398":0,"399":0,"400":0,"401":0,"402":0,"403":0,"404":0,"405":0,"406":0,"407":0,"408":0,"409":0,"410":0,"411":0,"412":0,"413":0,"414":0,"415":0,"416":0,"417":0,"418":0,"419":0,"420":0,"421":0,"422":0,"423":0,"424":0,"425":0,"426":0,"427":0,"428":0,"429":0,"430":0,"431":0,"432":0,"433":0,"434":0,"435":0,"436":0,"437":0,"438":0,"439":0,"440":0,"441":0,"442":0,"443":0,"444":0,"445":0,"446":0,"447":1,"448":0,"449":0,"450":0,"451":0,"452":0,"453":0,"454":1,"455":0,"456":0,"457":0,"458":0,"459":0,"460":0,"461":1,"462":1,"463":1,"464":0,"465":0,"466":0,"467":1,"468":0,"469":0,"470":0,"471":0,"472":0,"473":0,"474":0,"475":0,"476":0,"477":0,"478":0,"479":0,"480":0,"481":0,"482":0,"483":0,"484":1,"485":1,"486":1,"487":1,"488":1,"489":1,"490":1,"491":1,"492":1,"493":1,"494":1,"495":0,"496":0,"497":0,"498":0,"499":0,"500":1,"501":1,"502":4,"503":1,"504":1,"505":1,"506":1,"507":1,"508":1,"509":0,"510":0,"511":0,"512":0,"513":0,"514":1,"515":1,"516":1,"517":0,"518":1,"519":0,"520":0,"521":0,"522":0,"523":0,"524":0,"525":0,"526":0,"527":0,"528":0,"529":0,"530":0,"531":0,"532":1,"533":0,"534":0,"535":0,"536":0,"537":0,"538":0,"539":0,"540":0,"541":0,"542":0,"543":0,"544":0,"545":1,"546":1,"547":1,"548":0,"549":1,"550":0,"551":0,"552":0,"553":0,"554":0,"555":0,"556":0,"557":0,"558":1,"559":0,"560":1,"561":0,"562":0,"563":0,"564":1,"565":0,"566":1,"567":0,"568":1,"569":0,"570":1,"571":0,"572":0,"573":0,"574":0,"575":0,"576":0,"577":0,"578":0,"579":0,"580":0,"581":0,"582":0,"583":0,"584":0,"585":0,"586":0,"587":0,"588":0,"589":1,"590":0,"591":0,"592":0,"593":0,"594":0,"595":0,"596":0,"597":1,"598":0,"599":0,"600":0,"601":0,"602":0,"603":0,"604":0,"605":0,"606":1,"607":1,"608":1,"609":1,"610":1,"611":1,"612":1,"613":1,"614":1,"615":1,"616":1,"617":1,"618":1,"619":1,"620":1,"621":1,"622":1,"623":0,"624":0,"625":0,"626":0,"627":0,"628":0,"629":0,"630":0,"631":0,"632":0,"633":0,"634":0,"635":0,"636":0,"637":0,"638":1,"639":0,"640":0,"641":0,"642":1,"643":0,"644":0,"645":0,"646":0,"647":0,"648":0,"649":0,"650":0,"651":0,"652":0,"653":0,"654":0,"655":0,"656":0,"657":0,"658":0,"659":0,"660":0,"661":0,"662":0,"663":0,"664":0,"665":0,"666":0,"667":0,"668":0,"669":0,"670":0,"671":0,"672":0,"673":0,"674":0,"675":0,"676":0,"677":0,"678":1,"679":0,"680":0,"681":0,"682":0,"683":0,"684":0,"685":0,"686":0,"687":0,"688":0,"689":0,"690":0,"691":0,"692":0,"693":0,"694":0,"695":0,"696":0,"697":0,"698":0,"699":0,"700":0,"701":0,"702":0,"703":0,"704":0,"705":0,"706":0,"707":0,"708":0,"709":0,"710":0,"711":0,"712":0,"713":0,"714":0,"715":0,"716":0,"717":0,"718":0,"719":0,"720":0,"721":0,"722":0,"723":0,"724":0,"725":0,"726":0,"727":0,"728":0,"729":0,"730":0,"731":0,"732":0,"733":1,"734":0,"735":0,"736":1,"737":0,"738":0,"739":0,"740":0,"741":0,"742":0,"743":0,"744":1,"745":0,"746":0,"747":0,"748":0,"749":0,"750":1,"751":0,"752":0,"753":0,"754":0,"755":1,"756":0,"757":0,"758":0,"759":0,"760":0,"761":0,"762":0,"763":0,"764":0,"765":0,"766":0,"767":0,"768":0,"769":0,"770":0,"771":1,"772":0,"773":0,"774":0,"775":0,"776":0,"777":0,"778":0,"779":0,"780":0,"781":1,"782":0,"783":0,"784":0,"785":0,"786":0,"787":1,"788":0,"789":0,"790":0,"791":0,"792":0,"793":0,"794":0,"795":1,"796":0,"797":0,"798":0,"799":1,"800":0,"801":0,"802":0,"803":1,"804":0,"805":0,"806":0,"807":0,"808":0,"809":0,"810":0,"811":0,"812":0,"813":1,"814":0,"815":0,"816":0,"817":0,"818":0,"819":1,"820":0,"821":0,"822":0,"823":0,"824":0,"825":0,"826":0,"827":0,"828":0,"829":0,"830":0,"831":0,"832":0,"833":0,"834":0,"835":0,"836":0,"837":0,"838":0,"839":0,"840":0,"841":0,"842":0,"843":0,"844":0,"845":0,"846":0,"847":0,"848":0,"849":0,"850":0,"851":0,"852":0,"853":0,"854":0,"855":0,"856":0,"857":0,"858":0,"859":0,"860":0,"861":1,"862":0,"863":0,"864":0,"865":0,"866":0,"867":0,"868":1,"869":0,"870":0,"871":0,"872":0,"873":0,"874":0,"875":1,"876":0,"877":0,"878":0,"879":0,"880":0,"881":0,"882":1,"883":0,"884":1,"885":1,"886":1,"887":0,"888":0,"889":0,"890":0,"891":0,"892":0,"893":0,"894":1,"895":0,"896":0,"897":0,"898":0,"899":0,"900":1,"901":1,"902":1,"903":1,"904":0,"905":0,"906":0,"907":0,"908":0,"909":0,"910":1,"911":0,"912":1,"913":0,"914":0,"915":0,"916":0,"917":0,"918":0,"919":0,"920":0,"921":0,"922":1,"923":0,"924":0,"925":0,"926":0,"927":0,"928":0,"929":0,"930":0,"931":0,"932":0,"933":0,"934":0,"935":1,"936":0,"937":0,"938":1,"939":0,"940":0,"941":0,"942":0,"943":0,"944":1,"945":0,"946":0,"947":0,"948":0,"949":0,"950":0,"951":0,"952":1,"953":1,"954":1,"955":1,"956":8,"957":1,"958":1,"959":0,"960":0,"961":0,"962":0,"963":1,"964":0,"965":0,"966":0,"967":0,"968":0,"969":0,"970":0,"971":0,"972":0,"973":0,"974":0,"975":0,"976":0,"977":0,"978":0,"979":0,"980":0,"981":0,"982":0,"983":0,"984":0,"985":0,"986":0,"987":0,"988":1,"989":0,"990":1,"991":0,"992":0,"993":0,"994":0,"995":0,"996":1,"997":0,"998":0,"999":1,"1000":1,"1001":1,"1002":1,"1003":1,"1004":1,"1005":1,"1006":1,"1007":1,"1008":1,"1009":0,"1010":0,"1011":0,"1012":0,"1013":0,"1014":0,"1015":0,"1016":0,"1017":0,"1018":0,"1019":0,"1020":0,"1021":0,"1022":0,"1023":1,"1024":0,"1025":0,"1026":0,"1027":0,"1028":0,"1029":0,"1030":0,"1031":0,"1032":0,"1033":0,"1034":0,"1035":0,"1036":0,"1037":0,"1038":0,"1039":0,"1040":0,"1041":0,"1042":0,"1043":0,"1044":0,"1045":1,"1046":0,"1047":0,"1048":0,"1049":1,"1050":0,"1051":0,"1052":0,"1053":0,"1054":0,"1055":0,"1056":0,"1057":0,"1058":0,"1059":0,"1060":0,"1061":0,"1062":0,"1063":0,"1064":0,"1065":0,"1066":1,"1067":0,"1068":0,"1069":1,"1070":0,"1071":0,"1072":0,"1073":0,"1074":0,"1075":0,"1076":1,"1077":0,"1078":1,"1079":0,"1080":0,"1081":0,"1082":0,"1083":0,"1084":0,"1085":0,"1086":0,"1087":1,"1088":0,"1089":0,"1090":0,"1091":0,"1092":0,"1093":0,"1094":0,"1095":0,"1096":0,"1097":0,"1098":0,"1099":0,"1100":0,"1101":0,"1102":0,"1103":0,"1104":0,"1105":0,"1106":0,"1107":0,"1108":0,"1109":0,"1110":0,"1111":0,"1112":0,"1113":0,"1114":0,"1115":0,"1116":0,"1117":0,"1118":0,"1119":0,"1120":0,"1121":0,"1122":0,"1123":0,"1124":0,"1125":0,"1126":1,"1127":0,"1128":0,"1129":0,"1130":0,"1131":0,"1132":0,"1133":0,"1134":0,"1135":0,"1136":0,"1137":0,"1138":0,"1139":0,"1140":0,"1141":0,"1142":0,"1143":0,"1144":1,"1145":0,"1146":0,"1147":0,"1148":0,"1149":0,"1150":0,"1151":0,"1152":1,"1153":0,"1154":0,"1155":1,"1156":0,"1157":1,"1158":0,"1159":0,"1160":0,"1161":0,"1162":0,"1163":0,"1164":0,"1165":1,"1166":0,"1167":0,"1168":0,"1169":0,"1170":0,"1171":0,"1172":0,"1173":0,"1174":0,"1175":0,"1176":0,"1177":0,"1178":0,"1179":1,"1180":0,"1181":1,"1182":0,"1183":1,"1184":0,"1185":0,"1186":0,"1187":1,"1188":0,"1189":1,"1190":0,"1191":0,"1192":0,"1193":0,"1194":0,"1195":0,"1196":0,"1197":0,"1198":0,"1199":0,"1200":0,"1201":0,"1202":0,"1203":1,"1204":0,"1205":0,"1206":1,"1207":0,"1208":0,"1209":0,"1210":0,"1211":0,"1212":1,"1213":0,"1214":1,"1215":1,"1216":1,"1217":1,"1218":1,"1219":0,"1220":0,"1221":0,"1222":0,"1223":1,"1224":0,"1225":0,"1226":0,"1227":0,"1228":0,"1229":0,"1230":0,"1231":0,"1232":0,"1233":0,"1234":0,"1235":0,"1236":0,"1237":0,"1238":0,"1239":1,"1240":0,"1241":0,"1242":0,"1243":0,"1244":1,"1245":0,"1246":0,"1247":0,"1248":0,"1249":1,"1250":0,"1251":0,"1252":1,"1253":0,"1254":0,"1255":0,"1256":0,"1257":0,"1258":0,"1259":1,"1260":1,"1261":1,"1262":1,"1263":1,"1264":1,"1265":1,"1266":1,"1267":0,"1268":0,"1269":1,"1270":0,"1271":0,"1272":1,"1273":0,"1274":0,"1275":1,"1276":0,"1277":0,"1278":0,"1279":0,"1280":0,"1281":0,"1282":0,"1283":0,"1284":1,"1285":0,"1286":0,"1287":0,"1288":1,"1289":0,"1290":0,"1291":0,"1292":0,"1293":1,"1294":0,"1295":0,"1296":0,"1297":0,"1298":1,"1299":1,"1300":1,"1301":0,"1302":0,"1303":0,"1304":0,"1305":0,"1306":0,"1307":0,"1308":0,"1309":0,"1310":0,"1311":0,"1312":0,"1313":0,"1314":0,"1315":0,"1316":0,"1317":0,"1318":0,"1319":0,"1320":1,"1321":0,"1322":0,"1323":0,"1324":0,"1325":0,"1326":0,"1327":0,"1328":0,"1329":0,"1330":0,"1331":0,"1332":0,"1333":0,"1334":0,"1335":0,"1336":0,"1337":0,"1338":0,"1339":0,"1340":0,"1341":0,"1342":0,"1343":0,"1344":0,"1345":0,"1346":0,"1347":0,"1348":0,"1349":0,"1350":0,"1351":0,"1352":1,"1353":1,"1354":0,"1355":0,"1356":0,"1357":0,"1358":0,"1359":0,"1360":0,"1361":0,"1362":0,"1363":0,"1364":0,"1365":1,"1366":0,"1367":0,"1368":0,"1369":0,"1370":0,"1371":0,"1372":1,"1373":1,"1374":0,"1375":0,"1376":0,"1377":0,"1378":0,"1379":0,"1380":0,"1381":0,"1382":1,"1383":0,"1384":0,"1385":1,"1386":0,"1387":0,"1388":0,"1389":0,"1390":0,"1391":1,"1392":0,"1393":0,"1394":0,"1395":0,"1396":0,"1397":0,"1398":0,"1399":0,"1400":0,"1401":0,"1402":0,"1403":0,"1404":0,"1405":0,"1406":0,"1407":1,"1408":0,"1409":0,"1410":0,"1411":0,"1412":0,"1413":0,"1414":0,"1415":0,"1416":0,"1417":0,"1418":0,"1419":1,"1420":0,"1421":0,"1422":0,"1423":0,"1424":0,"1425":0,"1426":1,"1427":1,"1428":1,"1429":0,"1430":0,"1431":0,"1432":0,"1433":0,"1434":0,"1435":0,"1436":0,"1437":0,"1438":0,"1439":0,"1440":1,"1441":0,"1442":0,"1443":0,"1444":0,"1445":1,"1446":1,"1447":1,"1448":1,"1449":1,"1450":1,"1451":1,"1452":0,"1453":0,"1454":0,"1455":0,"1456":0,"1457":0,"1458":0,"1459":0,"1460":0,"1461":0,"1462":0,"1463":0,"1464":1,"1465":0,"1466":1,"1467":0,"1468":1,"1469":0,"1470":1,"1471":0,"1472":0,"1473":0,"1474":0,"1475":0,"1476":0,"1477":0,"1478":0,"1479":0,"1480":0,"1481":0,"1482":0,"1483":0,"1484":0,"1485":1,"1486":0,"1487":0,"1488":0,"1489":0,"1490":0,"1491":1,"1492":1,"1493":1,"1494":1,"1495":0,"1496":0,"1497":0,"1498":0,"1499":0,"1500":0,"1501":0,"1502":0,"1503":0,"1504":0,"1505":0,"1506":0,"1507":0,"1508":0,"1509":0,"1510":0,"1511":0,"1512":0,"1513":0,"1514":0,"1515":0,"1516":0,"1517":0,"1518":0,"1519":0,"1520":1,"1521":0,"1522":0,"1523":0,"1524":0,"1525":0,"1526":0,"1527":1,"1528":0,"1529":0,"1530":0,"1531":0,"1532":0,"1533":1,"1534":0,"1535":0,"1536":0,"1537":0,"1538":0,"1539":0,"1540":1,"1541":0,"1542":0,"1543":0,"1544":0,"1545":0,"1546":0,"1547":0,"1548":0,"1549":0,"1550":0,"1551":0,"1552":0,"1553":0,"1554":0,"1555":0,"1556":0,"1557":0,"1558":0,"1559":0,"1560":1,"1561":0,"1562":0,"1563":1,"1564":0,"1565":0,"1566":1,"1567":1,"1568":1,"1569":0,"1570":0,"1571":1,"1572":7,"1573":1,"1574":1,"1575":0,"1576":0,"1577":0,"1578":0,"1579":0,"1580":0,"1581":0,"1582":0,"1583":0,"1584":1,"1585":1,"1586":1,"1587":1,"1588":0,"1589":1,"1590":1,"1591":1,"1592":1,"1593":0,"1594":0,"1595":0,"1596":0,"1597":0,"1598":1,"1599":0,"1600":0,"1601":0,"1602":0,"1603":0,"1604":1,"1605":0,"1606":0,"1607":0,"1608":1,"1609":0,"1610":0,"1611":0,"1612":0,"1613":0,"1614":1,"1615":1,"1616":0,"1617":0,"1618":1,"1619":0,"1620":1,"1621":0,"1622":1,"1623":0,"1624":0,"1625":1,"1626":0,"1627":0,"1628":0,"1629":1,"1630":1,"1631":1,"1632":0,"1633":0,"1634":0,"1635":1,"1636":0,"1637":1,"1638":1,"1639":1,"1640":1,"1641":1,"1642":0,"1643":0,"1644":0,"1645":0,"1646":0,"1647":0,"1648":0,"1649":1,"1650":0,"1651":0,"1652":0,"1653":0,"1654":0,"1655":0,"1656":0,"1657":0,"1658":0,"1659":0,"1660":0,"1661":0,"1662":0,"1663":0,"1664":0,"1665":0,"1666":0,"1667":0,"1668":1,"1669":1,"1670":0,"1671":1,"1672":1,"1673":0,"1674":0,"1675":0,"1676":0,"1677":1,"1678":0,"1679":1,"1680":0,"1681":0,"1682":0,"1683":0,"1684":0,"1685":0,"1686":1,"1687":0,"1688":0,"1689":0,"1690":0,"1691":0,"1692":1,"1693":1,"1694":1,"1695":7,"1696":7,"1697":0,"1698":0,"1699":0,"1700":0,"1701":0,"1702":0,"1703":0,"1704":0,"1705":0,"1706":0,"1707":0,"1708":0,"1709":0,"1710":0,"1711":0,"1712":0,"1713":0,"1714":0,"1715":0,"1716":1,"1717":1,"1718":1,"1719":0,"1720":0,"1721":0,"1722":0,"1723":0,"1724":0,"1725":0,"1726":0,"1727":0,"1728":1,"1729":0,"1730":0,"1731":0,"1732":1,"1733":0,"1734":0,"1735":1,"1736":0,"1737":1,"1738":0,"1739":0,"1740":0,"1741":1,"1742":0,"1743":0,"1744":0,"1745":0,"1746":0,"1747":0,"1748":0,"1749":0,"1750":0,"1751":0,"1752":1,"1753":0,"1754":0,"1755":0,"1756":0,"1757":0,"1758":0,"1759":0,"1760":0,"1761":0,"1762":0,"1763":0,"1764":0,"1765":0,"1766":0,"1767":0,"1768":0,"1769":0,"1770":0,"1771":0,"1772":0,"1773":0,"1774":0,"1775":0,"1776":0,"1777":0,"1778":0,"1779":1,"1780":0,"1781":0,"1782":0,"1783":0,"1784":0,"1785":0,"1786":0,"1787":0,"1788":0,"1789":0,"1790":0,"1791":0,"1792":0,"1793":0,"1794":0,"1795":0,"1796":0,"1797":1,"1798":0,"1799":0,"1800":0,"1801":0,"1802":0,"1803":0,"1804":0,"1805":0,"1806":0,"1807":0,"1808":0,"1809":0,"1810":0,"1811":1,"1812":0,"1813":0,"1814":0,"1815":0,"1816":0,"1817":1,"1818":0,"1819":0,"1820":0,"1821":0,"1822":0,"1823":1,"1824":1,"1825":0,"1826":0,"1827":0,"1828":0,"1829":0,"1830":0,"1831":0,"1832":0,"1833":1,"1834":0,"1835":0,"1836":0,"1837":0,"1838":0,"1839":0,"1840":0,"1841":0,"1842":0,"1843":0,"1844":0,"1845":0,"1846":0,"1847":0,"1848":0,"1849":0,"1850":0,"1851":0,"1852":1,"1853":0,"1854":0,"1855":0,"1856":0,"1857":1,"1858":0,"1859":1,"1860":0,"1861":0,"1862":0,"1863":0,"1864":0,"1865":0,"1866":0,"1867":0,"1868":0,"1869":0,"1870":0,"1871":0,"1872":0,"1873":0,"1874":0,"1875":0,"1876":0,"1877":0,"1878":0,"1879":0,"1880":1,"1881":0,"1882":0,"1883":0,"1884":0,"1885":0,"1886":1,"1887":1,"1888":0,"1889":0,"1890":0,"1891":1,"1892":0,"1893":1,"1894":0,"1895":0,"1896":1,"1897":1,"1898":1,"1899":0,"1900":0,"1901":0,"1902":0,"1903":0,"1904":0,"1905":0,"1906":0,"1907":0,"1908":1,"1909":0,"1910":1,"1911":0,"1912":0,"1913":0,"1914":0,"1915":0,"1916":1,"1917":0,"1918":0,"1919":0,"1920":0,"1921":0,"1922":0,"1923":0,"1924":0,"1925":0,"1926":0,"1927":0,"1928":0,"1929":0,"1930":0,"1931":0,"1932":0,"1933":0,"1934":0,"1935":0,"1936":0,"1937":0,"1938":0,"1939":0,"1940":1,"1941":0,"1942":0,"1943":0,"1944":0,"1945":0,"1946":0,"1947":0,"1948":0,"1949":0,"1950":0,"1951":0,"1952":0,"1953":1,"1954":0,"1955":0,"1956":0,"1957":0,"1958":0,"1959":0,"1960":0,"1961":0,"1962":0,"1963":0,"1964":0,"1965":0,"1966":0,"1967":0,"1968":0,"1969":0,"1970":1,"1971":0,"1972":1,"1973":0,"1974":0,"1975":0,"1976":0,"1977":1,"1978":1,"1979":0,"1980":0,"1981":0,"1982":0,"1983":0,"1984":0,"1985":0,"1986":0,"1987":0,"1988":0,"1989":0,"1990":0,"1991":0,"1992":0,"1993":0,"1994":0,"1995":1,"1996":1,"1997":0,"1998":0,"1999":0,"2000":0,"2001":0,"2002":0,"2003":0,"2004":0,"2005":0,"2006":0,"2007":0,"2008":0,"2009":0,"2010":0,"2011":0,"2012":0,"2013":0,"2014":0,"2015":1,"2016":0,"2017":0,"2018":0,"2019":1,"2020":0,"2021":0,"2022":0,"2023":0,"2024":0,"2025":0,"2026":0,"2027":0,"2028":0,"2029":0,"2030":0,"2031":0,"2032":0,"2033":0,"2034":0,"2035":0,"2036":0,"2037":0,"2038":0,"2039":0,"2040":0,"2041":0,"2042":1,"2043":0,"2044":0,"2045":0,"2046":0,"2047":0,"2048":0,"2049":0,"2050":0,"2051":0,"2052":0,"2053":0,"2054":0,"2055":0,"2056":0,"2057":0,"2058":0,"2059":0,"2060":0,"2061":0,"2062":0,"2063":0,"2064":0,"2065":0,"2066":0,"2067":0,"2068":0,"2069":1,"2070":0,"2071":0,"2072":0,"2073":0,"2074":1,"2075":0,"2076":0,"2077":0,"2078":0,"2079":0,"2080":0,"2081":0,"2082":0,"2083":0,"2084":0,"2085":0,"2086":1,"2087":0,"2088":0,"2089":0,"2090":0,"2091":0,"2092":0,"2093":0,"2094":0,"2095":0,"2096":1,"2097":0,"2098":0,"2099":0,"2100":0,"2101":0,"2102":0,"2103":0,"2104":0,"2105":1,"2106":1,"2107":1,"2108":1,"2109":1,"2110":1,"2111":1,"2112":0,"2113":0,"2114":0,"2115":0,"2116":0,"2117":1,"2118":0,"2119":0,"2120":0,"2121":0,"2122":0,"2123":0,"2124":0,"2125":0,"2126":0,"2127":0,"2128":0,"2129":0,"2130":0,"2131":0,"2132":0,"2133":0,"2134":0,"2135":0,"2136":0,"2137":0,"2138":0,"2139":0,"2140":0,"2141":0,"2142":1,"2143":0,"2144":0,"2145":0,"2146":0,"2147":0,"2148":0,"2149":0,"2150":0,"2151":0,"2152":0,"2153":0,"2154":0,"2155":1,"2156":1,"2157":0,"2158":0,"2159":0,"2160":0,"2161":0,"2162":0,"2163":0,"2164":0,"2165":0,"2166":0,"2167":0,"2168":0,"2169":0,"2170":0,"2171":0,"2172":0,"2173":0,"2174":0,"2175":0,"2176":0,"2177":0,"2178":0,"2179":0,"2180":0,"2181":1,"2182":0,"2183":0,"2184":0,"2185":0,"2186":0,"2187":0,"2188":0,"2189":0,"2190":0,"2191":0,"2192":0,"2193":0,"2194":0,"2195":1,"2196":0,"2197":0,"2198":0,"2199":0,"2200":0,"2201":0,"2202":1,"2203":0,"2204":0,"2205":0,"2206":0,"2207":0,"2208":0,"2209":0,"2210":0,"2211":0,"2212":0,"2213":0,"2214":0,"2215":0,"2216":0,"2217":1,"2218":0,"2219":0,"2220":0,"2221":0,"2222":0,"2223":1,"2224":0,"2225":0,"2226":0,"2227":0,"2228":0,"2229":0,"2230":0,"2231":0,"2232":0,"2233":0,"2234":1,"2235":0,"2236":0,"2237":1,"2238":0,"2239":0,"2240":0,"2241":0,"2242":1,"2243":0,"2244":0,"2245":0,"2246":0,"2247":0,"2248":0,"2249":0,"2250":0,"2251":1,"2252":1,"2253":0,"2254":0,"2255":1,"2256":0,"2257":0,"2258":0,"2259":0,"2260":0,"2261":0,"2262":0,"2263":0,"2264":0,"2265":0,"2266":0,"2267":0,"2268":0,"2269":0,"2270":0,"2271":0,"2272":0,"2273":1,"2274":1,"2275":0,"2276":0,"2277":0,"2278":0,"2279":0,"2280":1,"2281":0,"2282":0,"2283":0,"2284":0,"2285":0,"2286":0,"2287":0,"2288":0,"2289":0,"2290":0,"2291":0,"2292":0,"2293":0,"2294":1,"2295":1,"2296":0,"2297":0,"2298":0,"2299":0,"2300":0,"2301":0,"2302":0,"2303":0,"2304":0,"2305":0,"2306":0,"2307":0,"2308":0,"2309":0,"2310":0,"2311":0,"2312":0,"2313":0,"2314":0,"2315":0,"2316":1,"2317":0,"2318":0,"2319":0,"2320":0,"2321":0,"2322":0,"2323":0,"2324":0,"2325":0,"2326":0,"2327":0,"2328":0,"2329":0,"2330":0,"2331":1,"2332":0,"2333":0,"2334":0,"2335":0,"2336":1,"2337":1,"2338":0,"2339":0,"2340":0,"2341":0,"2342":0,"2343":0,"2344":0,"2345":0,"2346":0,"2347":0,"2348":0,"2349":1,"2350":0,"2351":0,"2352":0,"2353":0,"2354":0,"2355":0,"2356":1,"2357":0,"2358":0,"2359":0,"2360":0,"2361":0,"2362":0,"2363":0,"2364":0,"2365":1,"2366":0,"2367":0,"2368":0,"2369":0,"2370":0,"2371":0,"2372":0,"2373":0,"2374":1,"2375":0,"2376":0,"2377":0,"2378":0,"2379":0,"2380":0,"2381":1,"2382":0,"2383":0,"2384":0,"2385":0,"2386":0,"2387":0,"2388":0,"2389":1,"2390":1,"2391":1,"2392":0,"2393":1,"2394":1,"2395":0,"2396":1,"2397":1,"2398":0,"2399":1,"2400":0,"2401":1,"2402":1,"2403":1,"2404":1,"2405":1,"2406":0,"2407":0,"2408":0,"2409":0,"2410":0,"2411":0,"2412":0,"2413":0,"2414":1,"2415":0,"2416":0,"2417":0,"2418":0,"2419":0,"2420":0,"2421":0,"2422":0,"2423":0,"2424":0,"2425":0,"2426":0,"2427":0,"2428":0,"2429":0,"2430":0,"2431":0,"2432":0,"2433":1,"2434":1,"2435":0,"2436":0,"2437":0,"2438":0,"2439":0,"2440":0,"2441":0,"2442":0,"2443":0,"2444":0,"2445":0,"2446":0,"2447":0,"2448":0,"2449":0,"2450":0,"2451":0,"2452":0,"2453":0,"2454":0,"2455":0,"2456":0,"2457":0,"2458":0,"2459":0,"2460":0,"2461":0,"2462":0,"2463":0,"2464":0,"2465":0,"2466":1,"2467":0,"2468":0,"2469":0,"2470":0,"2471":0,"2472":0,"2473":0,"2474":0,"2475":0,"2476":0,"2477":0,"2478":0,"2479":0,"2480":0,"2481":0,"2482":1,"2483":0,"2484":0,"2485":0,"2486":0,"2487":0,"2488":0,"2489":0,"2490":1,"2491":0,"2492":0,"2493":0,"2494":0,"2495":0,"2496":0,"2497":0,"2498":0,"2499":0,"2500":0,"2501":0,"2502":0,"2503":0,"2504":0,"2505":0,"2506":0,"2507":0,"2508":0,"2509":0,"2510":1,"2511":0,"2512":0,"2513":0,"2514":0,"2515":0,"2516":0,"2517":0,"2518":0,"2519":0,"2520":0,"2521":0,"2522":0,"2523":0,"2524":0,"2525":0,"2526":0,"2527":1,"2528":0,"2529":0,"2530":0,"2531":0,"2532":0,"2533":0,"2534":0,"2535":0,"2536":0,"2537":0,"2538":0,"2539":0,"2540":1,"2541":0,"2542":0,"2543":0,"2544":0,"2545":0,"2546":0,"2547":0,"2548":1,"2549":0,"2550":0,"2551":0,"2552":1,"2553":0,"2554":0,"2555":0,"2556":0,"2557":0,"2558":0,"2559":0,"2560":1,"2561":1,"2562":1,"2563":0,"2564":0,"2565":0,"2566":0,"2567":0,"2568":0,"2569":0,"2570":1,"2571":0,"2572":0,"2573":0,"2574":0,"2575":0,"2576":0,"2577":0,"2578":0,"2579":0,"2580":0,"2581":0,"2582":0,"2583":0,"2584":0,"2585":0,"2586":0,"2587":0,"2588":0,"2589":0,"2590":0,"2591":0,"2592":0,"2593":0,"2594":0,"2595":0,"2596":0,"2597":0,"2598":0,"2599":1,"2600":0,"2601":0,"2602":0,"2603":0,"2604":0,"2605":0,"2606":0,"2607":0,"2608":1,"2609":0,"2610":0,"2611":0,"2612":0,"2613":0,"2614":0,"2615":0,"2616":0,"2617":0,"2618":0,"2619":0,"2620":0,"2621":0,"2622":0,"2623":0,"2624":0,"2625":1,"2626":0,"2627":0,"2628":0,"2629":0,"2630":0,"2631":0,"2632":0,"2633":0,"2634":0,"2635":0,"2636":0,"2637":1,"2638":0,"2639":1,"2640":0,"2641":0,"2642":0,"2643":0,"2644":1,"2645":0,"2646":0,"2647":0,"2648":0,"2649":0,"2650":0,"2651":0,"2652":0,"2653":0,"2654":0,"2655":0,"2656":0,"2657":0,"2658":0,"2659":1,"2660":0,"2661":0,"2662":0,"2663":0,"2664":0,"2665":0,"2666":1,"2667":0,"2668":0,"2669":1,"2670":0,"2671":0,"2672":0,"2673":0,"2674":0,"2675":1,"2676":0,"2677":0,"2678":0,"2679":1,"2680":0,"2681":0,"2682":0,"2683":0,"2684":0,"2685":0,"2686":0,"2687":0,"2688":0,"2689":0,"2690":0,"2691":1,"2692":1,"2693":0,"2694":1,"2695":0,"2696":0,"2697":0,"2698":0,"2699":0,"2700":0,"2701":0,"2702":0,"2703":0,"2704":0,"2705":0,"2706":0,"2707":0,"2708":0,"2709":0,"2710":0,"2711":0,"2712":0,"2713":0,"2714":0,"2715":0,"2716":0,"2717":0,"2718":0,"2719":0,"2720":1,"2721":1,"2722":1,"2723":1,"2724":1,"2725":1,"2726":1,"2727":1,"2728":1,"2729":1,"2730":1,"2731":1,"2732":1,"2733":1,"2734":1,"2735":0,"2736":0,"2737":0,"2738":1,"2739":0,"2740":0,"2741":0,"2742":0,"2743":0,"2744":0,"2745":0,"2746":0,"2747":0,"2748":0,"2749":0,"2750":0,"2751":0,"2752":0,"2753":0,"2754":0,"2755":0,"2756":0,"2757":1,"2758":1,"2759":1,"2760":0,"2761":0,"2762":0,"2763":0,"2764":0,"2765":0,"2766":0,"2767":0,"2768":0,"2769":0,"2770":0,"2771":0,"2772":0,"2773":0,"2774":0,"2775":0,"2776":0,"2777":0,"2778":0,"2779":0,"2780":0,"2781":0,"2782":0,"2783":0,"2784":0,"2785":0,"2786":0,"2787":0,"2788":0,"2789":1,"2790":0,"2791":0,"2792":0,"2793":0,"2794":0,"2795":0,"2796":0,"2797":0,"2798":0,"2799":0,"2800":0,"2801":0,"2802":1,"2803":0,"2804":0,"2805":0,"2806":0,"2807":0,"2808":0,"2809":0,"2810":0,"2811":0,"2812":0,"2813":0,"2814":0,"2815":0,"2816":1,"2817":0,"2818":0,"2819":0,"2820":0,"2821":0,"2822":0,"2823":0,"2824":0,"2825":0,"2826":1,"2827":0,"2828":0,"2829":0,"2830":0,"2831":0,"2832":0,"2833":0,"2834":0,"2835":1,"2836":0,"2837":0,"2838":0,"2839":1,"2840":1,"2841":1,"2842":1,"2843":1,"2844":1,"2845":1,"2846":1,"2847":0,"2848":0,"2849":0,"2850":1,"2851":0,"2852":0,"2853":0,"2854":0,"2855":0,"2856":0,"2857":0,"2858":0,"2859":0,"2860":0,"2861":0,"2862":0,"2863":0,"2864":1,"2865":0,"2866":0,"2867":0,"2868":0,"2869":0,"2870":0,"2871":0,"2872":0,"2873":0,"2874":0,"2875":0,"2876":0,"2877":0,"2878":0,"2879":0,"2880":0,"2881":0,"2882":1,"2883":0,"2884":1,"2885":10,"2886":1,"2887":0,"2888":0,"2889":1,"2890":3,"2891":1,"2892":0,"2893":0,"2894":0,"2895":0,"2896":0,"2897":0,"2898":0,"2899":0,"2900":0,"2901":0,"2902":0,"2903":0,"2904":0,"2905":1,"2906":0,"2907":0,"2908":0,"2909":0,"2910":0,"2911":0,"2912":0,"2913":0,"2914":1,"2915":0,"2916":1,"2917":0,"2918":0,"2919":0,"2920":0,"2921":1,"2922":0,"2923":0,"2924":0,"2925":0,"2926":0,"2927":0,"2928":0,"2929":0,"2930":0,"2931":0,"2932":0,"2933":0,"2934":0,"2935":0,"2936":0,"2937":0,"2938":0,"2939":0,"2940":0,"2941":0,"2942":1,"2943":0,"2944":0,"2945":0,"2946":0,"2947":0,"2948":0,"2949":1,"2950":0,"2951":0,"2952":0,"2953":0,"2954":0,"2955":0,"2956":0,"2957":0,"2958":0,"2959":0,"2960":0,"2961":0,"2962":0,"2963":0,"2964":0,"2965":0,"2966":0,"2967":0,"2968":0,"2969":0,"2970":1,"2971":0,"2972":0,"2973":0,"2974":1,"2975":0,"2976":0,"2977":0,"2978":0,"2979":0,"2980":0,"2981":0,"2982":0,"2983":0,"2984":0,"2985":0,"2986":0,"2987":0,"2988":0,"2989":0,"2990":1,"2991":0,"2992":0,"2993":0,"2994":0,"2995":0,"2996":0,"2997":0,"2998":0,"2999":0,"3000":0,"3001":0,"3002":0,"3003":0,"3004":0,"3005":0,"3006":0,"3007":0,"3008":1,"3009":0,"3010":0,"3011":0,"3012":0,"3013":0,"3014":0,"3015":0,"3016":0,"3017":1,"3018":0,"3019":0,"3020":0,"3021":0,"3022":0,"3023":0,"3024":0,"3025":0,"3026":0,"3027":0,"3028":0,"3029":0,"3030":0,"3031":0,"3032":0,"3033":0,"3034":0,"3035":0,"3036":0,"3037":0,"3038":0,"3039":0,"3040":1,"3041":0,"3042":0,"3043":0,"3044":0,"3045":0,"3046":0,"3047":0,"3048":0,"3049":0,"3050":0,"3051":0,"3052":0,"3053":0,"3054":0,"3055":0,"3056":0,"3057":1,"3058":0,"3059":0,"3060":1,"3061":0,"3062":0,"3063":0,"3064":0,"3065":0,"3066":0,"3067":1,"3068":0,"3069":0,"3070":0,"3071":0,"3072":0,"3073":0,"3074":0,"3075":1,"3076":1,"3077":0,"3078":1,"3079":1,"3080":1,"3081":0,"3082":1,"3083":0,"3084":0,"3085":0,"3086":0,"3087":0,"3088":0,"3089":0,"3090":0,"3091":0,"3092":0,"3093":0,"3094":1,"3095":0,"3096":1,"3097":0,"3098":0,"3099":0,"3100":0,"3101":0,"3102":1,"3103":0,"3104":1,"3105":0,"3106":0,"3107":0,"3108":0,"3109":0,"3110":0,"3111":0,"3112":0,"3113":0,"3114":0,"3115":0,"3116":0,"3117":0,"3118":0,"3119":0,"3120":0,"3121":0,"3122":0,"3123":1,"3124":1,"3125":1,"3126":0,"3127":1,"3128":0,"3129":1,"3130":0,"3131":0,"3132":0,"3133":0,"3134":1,"3135":1,"3136":1,"3137":1,"3138":1,"3139":0,"3140":0,"3141":0,"3142":1,"3143":1,"3144":0,"3145":0,"3146":0,"3147":0,"3148":0,"3149":0,"3150":0,"3151":0,"3152":1,"3153":0,"3154":0,"3155":0,"3156":0,"3157":0,"3158":0,"3159":0,"3160":0,"3161":0,"3162":0,"3163":0,"3164":0,"3165":0,"3166":0,"3167":0,"3168":0,"3169":0,"3170":0,"3171":0,"3172":0,"3173":0,"3174":0,"3175":0,"3176":0,"3177":0,"3178":0,"3179":0,"3180":0,"3181":0,"3182":0,"3183":0,"3184":0,"3185":1,"3186":0,"3187":0,"3188":0,"3189":0,"3190":0,"3191":0,"3192":0,"3193":1,"3194":0,"3195":0,"3196":0,"3197":0,"3198":0,"3199":0,"3200":1,"3201":0,"3202":0,"3203":0,"3204":0,"3205":0,"3206":0,"3207":0,"3208":0,"3209":0,"3210":0,"3211":0,"3212":0,"3213":0,"3214":0,"3215":0,"3216":0,"3217":0,"3218":1,"3219":0,"3220":0,"3221":1,"3222":0,"3223":0,"3224":0,"3225":0,"3226":0,"3227":0,"3228":0,"3229":0,"3230":0,"3231":0,"3232":1,"3233":0,"3234":0,"3235":0,"3236":0,"3237":0,"3238":0,"3239":0,"3240":0,"3241":0,"3242":0,"3243":0,"3244":0,"3245":0,"3246":0,"3247":0,"3248":0,"3249":0,"3250":0,"3251":0,"3252":0,"3253":0,"3254":0,"3255":0,"3256":0,"3257":0,"3258":0,"3259":0,"3260":0,"3261":0,"3262":1,"3263":0,"3264":0,"3265":0,"3266":0,"3267":0,"3268":1,"3269":1,"3270":0,"3271":0,"3272":0,"3273":0,"3274":0,"3275":0,"3276":0,"3277":0,"3278":0,"3279":0,"3280":0,"3281":0,"3282":0,"3283":0,"3284":0,"3285":0,"3286":0,"3287":0,"3288":0,"3289":0,"3290":0,"3291":0,"3292":0,"3293":0,"3294":0,"3295":0,"3296":0,"3297":0,"3298":0,"3299":0,"3300":0,"3301":0,"3302":0,"3303":0,"3304":0,"3305":1,"3306":1,"33
[...]
2399":1,"2400":0,"2401":0,"2402":0,"2407":0,"2410":1,"2411":0,"2412":0,"2413":0,"2414":0,"2417":1,"2418":0,"2419":0,"2423":1,"2424":0,"2425":0,"2427":0,"2428":0,"2429":0,"2434":0,"2441":1,"2541":1,"2542":1,"2543":1,"2545":1,"2546":1,"2547":1,"2548":1,"2549":0,"2552":1,"2553":0,"2554":0,"2560":1,"2561":0,"2562":0,"2568":1,"2569":0,"2570":0,"2572":0,"2580":0,"2581":0,"2582":0,"2583":0,"2586":0,"2592":1,"2593":0,"2594":0,"2596":0,"2602":1,"2606":0,"2607":0,"2608":0,"2609":0,"2616":1,"2617":0,"2618":0,"2620":0,"2621":0,"2625":1,"2626":1,"2628":1,"2632":0,"2633":0,"2634":0,"2635":0,"2636":0,"2639":0,"2641":0,"2642":0,"2645":0,"2646":0,"2652":0,"2653":0,"2654":0,"2659":0,"2660":0,"2661":0,"2663":0,"2664":0,"2665":0,"2668":1,"2673":0,"2676":0,"2678":1,"2679":1,"2681":1,"2682":1,"2694":0,"2697":0,"2698":0,"2702":0,"2705":0,"2706":0,"2707":0,"2709":0,"2713":0,"2714":0,"2719":0,"2720":0,"2721":0,"2722":0,"2723":0,"2724":0,"2725":0,"2732":0,"2733":1,"2734":1,"2737":1,"2738":1,"2740":1,"2747":0,"2750":1,"2758":1,"2759":0,"2760":0,"2761":0,"2762":0,"2763":0,"2764":0,"2772":0,"2773":0,"2775":0,"2776":0,"2777":0,"2781":1,"2782":0,"2783":0,"2784":0,"2786":0,"2787":0,"2789":0,"2792":1,"2800":1,"2801":0,"2802":0,"2803":0,"2804":0,"2805":0,"2806":0,"2807":0,"2810":0,"2814":1,"2815":0,"2818":0,"2824":1,"2825":0,"2826":0,"2828":0,"2829":0,"2831":0,"2838":1,"2839":0,"2840":0,"2842":0,"2843":0,"2844":0,"2845":0,"2846":0,"2847":0,"2852":0,"2853":0,"2856":0,"2857":0,"2858":0,"2859":0,"2862":0,"2867":1,"2868":0,"2869":0,"2870":0,"2872":0,"2873":1,"2874":1,"2875":1,"2883":0,"2886":0,"2887":0,"2888":0,"2892":1,"2893":0,"2894":0,"2895":0,"2897":0,"2898":0,"2900":0,"2903":1,"2909":1,"2919":1,"2924":0,"2925":0,"2926":0,"2928":0,"2929":0,"2930":0,"2931":0,"2936":0,"2937":0,"2939":0,"2941":0,"2951":1,"2955":0,"2956":0,"2957":0,"2959":0,"2980":1,"2981":1,"2982":1,"2983":1,"2984":1,"2985":1,"2987":1,"2988":0,"2989":0,"2990":0,"2992":0,"2993":0,"2999":0,"3000":0,"3002":0,"3003":1,"3004":0,"3005":0,"3009":0,"3015":1,"3016":0,"3019":1,"3020":0,"3023":1,"3024":0,"3027":1,"3028":0,"3029":0,"3030":0,"3031":0,"3032":0,"3033":0,"3034":0,"3036":0,"3037":0,"3038":0,"3039":0,"3040":0,"3045":1,"3046":0,"3047":0,"3048":0,"3049":0,"3050":0,"3057":1,"3061":1,"3062":1,"3064":1,"3069":0,"3070":0,"3071":0,"3072":0,"3073":0,"3075":0,"3076":0,"3077":0,"3078":0,"3085":0,"3086":0,"3093":0,"3094":0,"3095":0,"3096":0,"3097":0,"3098":0,"3099":0,"3100":0,"3101":0,"3102":0,"3104":0,"3105":0,"3106":0,"3115":0,"3118":1,"3123":0,"3124":0,"3125":0,"3126":0,"3127":0,"3135":0,"3149":1,"3154":0,"3155":0,"3156":0,"3157":0,"3158":0,"3161":1,"3166":0,"3167":0,"3172":0,"3173":0,"3174":0,"3175":0,"3178":1,"3183":0,"3184":0,"3185":0,"3186":0,"3187":0,"3188":0,"3189":0,"3195":0,"3196":0,"3197":0,"3199":0,"3200":0,"3203":0,"3204":0,"3205":0,"3208":0,"3209":0,"3210":0,"3211":0,"3217":1,"3218":0,"3219":0,"3225":1,"3226":0,"3227":0,"3231":1,"3239":1,"3244":1,"3245":0,"3246":0,"3252":1,"3253":7,"3264":1,"3265":1,"3266":0,"3267":0,"3269":0,"3270":0,"3271":0,"3272":0,"3273":0,"3275":0,"3281":1,"3283":1,"3284":1,"3291":1,"3292":0,"3300":1,"3304":1,"3305":1,"3306":1,"3308":0,"3309":0,"3310":0,"3312":0,"3313":0,"3319":1,"3321":0,"3322":0,"3323":0,"3324":0,"3326":0,"3330":1,"3332":0,"3333":0,"3335":0,"3339":1,"3340":0,"3342":0,"3343":0,"3346":0,"3348":0,"3356":1,"3362":1,"3363":0,"3364":0,"3367":1,"3368":0,"3371":1,"3372":0,"3375":1,"3376":0,"3377":0,"3381":1,"3383":0,"3384":0,"3385":0,"3392":1,"3393":1,"3395":1,"3396":0,"3397":0,"3400":1,"3401":0,"3404":1,"3405":1,"3407":1,"3408":1,"3410":1,"3417":1,"3418":1,"3419":1,"3420":1,"3421":1,"3422":1,"3429":1,"3438":0,"3439":0,"3440":0,"3441":0,"3442":0,"3443":0,"3444":0,"3445":0,"3446":0,"3447":0,"3448":0,"3449":0,"3450":0,"3451":0,"3452":0,"3453":0,"3454":0,"3455":0,"3458":1,"3462":1,"3463":1,"3466":1,"3468":1,"3469":0,"3470":0,"3471":0,"3472":0,"3475":1,"3476":0,"3483":1,"3484":0,"3493":0,"3494":0,"3495":0,"3496":0,"3497":0,"3500":1,"3501":0,"3502":0,"3503":0,"3504":0,"3506":0,"3514":1,"3515":1,"3526":7,"3527":7,"3528":0,"3532":0,"3533":0,"3534":0,"3535":0,"3537":0,"3538":0,"3539":0,"3540":0,"3542":0,"3543":0,"3545":0,"3546":0,"3548":0,"3549":0,"3551":0,"3553":0,"3554":0,"3560":1,"3568":1,"3579":1,"3580":0,"3581":0,"3582":0,"3583":0,"3584":0,"3585":0,"3588":0,"3589":0,"3591":0,"3600":1,"3601":0,"3602":0,"3603":0,"3610":1,"3611":0,"3612":0,"3622":1,"3624":0,"3633":1,"3634":1,"3635":1,"3636":1,"3645":1,"3646":0,"3647":0,"3649":0,"3650":0,"3651":0,"3652":0,"3659":0,"3661":0,"3662":0,"3664":0,"3670":1,"3676":0,"3678":0,"3679":0,"3680":0,"3684":0,"3685":0,"3687":0,"3688":0,"3692":0,"3693":0,"3694":0,"3695":0,"3696":0,"3698":0,"3699":0,"3702":0,"3705":0,"3707":0,"3708":0,"3711":0,"3712":0,"3714":0,"3715":0,"3717":0,"3719":0,"3720":0,"3730":1,"3731":0,"3732":0,"3733":0,"3734":0,"3736":0,"3737":0,"3738":0,"3740":0,"3741":0,"3742":0,"3746":0,"3748":0,"3749":0,"3750":0,"3752":0,"3753":0,"3754":0,"3760":1,"3761":0,"3762":0,"3763":0,"3765":0,"3766":0,"3767":0,"3771":0,"3773":0,"3774":0,"3776":0,"3777":0,"3778":0,"3780":0,"3787":1,"3788":0,"3789":0,"3790":0,"3791":0,"3792":0,"3799":1,"3800":0,"3801":0,"3802":0,"3803":0,"3804":0,"3811":1,"3812":1,"3813":0,"3815":0,"3816":0,"3817":0,"3818":0,"3822":0,"3825":0,"3826":0,"3829":1,"3836":0,"3837":0,"3838":0,"3839":0,"3840":0,"3841":0,"3842":0,"3846":0,"3847":0,"3848":0,"3850":0,"3851":0,"3852":0,"3853":0,"3856":0,"3857":0,"3858":0,"3859":0,"3880":1,"3881":0,"3882":0,"3883":0,"3886":0,"3893":1,"3894":0,"3901":1,"3902":0,"3903":0,"3904":0,"3905":0,"3906":0,"3907":0,"3909":0,"3910":0,"3911":0,"3912":0,"3913":0,"3914":0,"3916":0,"3919":0,"3920":0,"3923":0,"3924":0,"3926":0,"3930":0,"3937":1,"3938":0,"3939":0,"3941":0,"3942":0,"3943":0,"3947":1,"3949":1,"3950":0,"3951":0,"3953":0,"3957":1,"3958":0,"3961":1,"3966":0,"3967":0,"3970":1,"3971":1,"3972":1,"3973":0,"3975":0,"3976":0,"3977":0,"3978":0,"3981":0,"3984":0,"3985":0,"3988":0,"3991":1,"3992":0,"3993":1,"3994":0,"3995":0,"3997":0,"3998":0,"3999":0,"4002":1,"4003":0,"4005":0,"4007":0,"4008":0,"4009":0,"4012":0,"4013":0,"4014":0,"4016":0,"4019":0,"4020":0,"4021":0,"4023":0,"4024":0,"4025":0,"4028":0,"4029":0,"4030":0,"4031":0,"4032":0,"4033":0,"4034":0,"4037":0,"4040":1,"4041":0,"4042":0,"4043":0,"4044":0,"4045":0,"4054":0,"4055":0,"4056":0,"4057":0,"4058":0,"4059":0,"4062":0,"4071":1,"4075":0,"4076":0,"4077":0,"4079":0,"4080":0,"4081":0,"4082":0,"4085":0,"4087":0,"4088":0,"4089":0,"4091":0,"4094":0,"4098":0,"4099":0,"4101":0,"4104":1,"4105":0,"4108":1,"4111":0,"4112":0,"4113":0,"4115":0,"4120":1,"4122":1,"4123":0,"4126":0,"4127":0,"4128":0,"4129":0,"4131":0,"4134":0,"4135":0,"4137":0,"4138":0,"4140":0,"4141":0,"4142":0,"4143":0,"4144":0,"4145":0,"4148":1,"4149":1,"4150":0,"4151":0,"4152":0,"4154":0,"4155":0,"4156":0,"4157":0,"4158":0,"4161":0,"4163":0,"4170":0,"4172":0,"4174":0,"4175":0,"4177":0,"4178":0,"4181":0,"4182":0,"4188":1,"4189":0,"4190":0,"4191":0,"4195":1,"4196":0,"4197":0,"4198":0,"4200":0,"4201":0,"4203":0,"4204":0,"4205":0,"4208":0,"4209":0,"4211":0,"4212":0,"4213":0,"4217":0,"4218":0,"4221":0,"4223":0,"4225":0,"4227":0,"4229":0,"4230":0,"4233":0,"4239":1,"4248":0,"4255":0,"4256":0,"4257":0,"4258":0,"4260":0,"4263":0,"4264":0,"4265":0,"4266":0,"4268":0,"4269":0,"4270":0,"4271":0,"4272":0,"4274":0,"4275":0,"4276":0,"4279":0,"4282":0,"4283":0,"4284":0,"4285":0,"4288":0,"4289":0,"4290":0,"4294":1,"4295":0,"4296":0,"4298":0,"4301":1,"4302":0,"4303":0,"4304":0,"4305":0,"4307":0,"4308":0,"4310":0,"4311":0,"4312":0,"4313":0,"4315":0,"4319":1,"4320":0,"4321":0,"4322":0,"4323":0,"4326":0,"4327":0,"4328":0,"4329":0,"4331":0,"4335":1,"4336":0,"4337":0,"4338":0,"4339":0,"4340":0,"4342":0,"4346":0,"4347":0,"4354":1,"4355":1,"4356":1,"4357":1,"4358":1,"4359":1,"4364":1,"4365":0,"4366":0,"4367":0,"4368":0,"4370":0,"4376":1,"4377":0,"4378":0,"4388":0,"4392":0,"4393":0,"4394":0,"4395":0,"4396":0,"4398":0,"4399":0,"4400":0,"4401":0,"4409":0,"4415":0,"4416":0,"4419":0,"4420":0,"4421":0,"4422":0,"4423":0,"4424":0,"4430":0,"4431":1,"4440":1,"4441":0,"4442":0,"4443":0,"4444":0,"4445":0,"4449":0,"4450":0,"4451":0,"4453":0,"4456":0,"4457":0,"4458":0,"4465":1,"4472":1,"4478":0,"4479":0,"4481":0,"4482":0,"4483":0,"4484":0,"4485":0,"4487":0,"4489":0,"4490":0,"4491":0,"4492":0,"4493":0,"4494":0,"4495":0,"4496":0,"4497":0,"4501":0,"4502":0,"4504":0,"4505":0,"4506":0,"4507":0,"4515":0,"4523":1,"4524":0,"4525":0,"4526":0,"4527":0,"4528":0,"4529":0,"4531":0,"4534":0,"4538":0,"4539":0,"4541":0,"4542":0,"4543":0,"4549":1,"4550":0,"4551":0,"4552":0,"4553":0,"4554":0,"4555":0,"4563":1,"4564":0,"4566":0,"4567":0,"4568":0,"4569":0,"4570":0,"4573":0,"4574":0,"4575":0,"4576":0,"4577":0,"4578":0,"4579":0,"4580":0,"4587":1,"4589":0,"4590":0,"4591":1,"4592":1,"4594":1,"4602":1,"4603":0,"4604":0,"4605":0,"4614":0,"4615":0,"4616":0,"4617":0,"4618":0,"4620":0,"4623":0,"4633":1,"4634":0,"4635":0,"4641":1,"4642":0,"4644":0,"4645":0,"4646":0,"4653":1,"4654":0,"4656":0,"4660":0,"4661":0,"4663":0,"4664":0,"4665":0,"4667":0,"4676":1,"4677":1,"4678":0,"4679":0,"4682":1,"4683":0,"4684":0,"4685":0,"4686":0,"4688":0,"4689":0,"4690":0,"4691":0,"4693":0,"4695":0,"4696":0,"4697":0,"4699":0,"4700":0,"4701":0,"4707":1,"4714":1,"4715":0,"4716":0,"4718":0,"4719":0,"4721":0,"4724":1,"4725":0,"4726":0,"4727":0,"4728":0,"4729":0,"4730":0,"4732":0,"4734":0,"4735":0,"4738":1,"4740":1,"4741":0,"4742":0,"4745":0,"4746":0,"4748":0,"4749":0,"4750":0,"4751":0,"4753":0,"4754":0,"4755":0,"4760":0,"4761":0,"4762":0,"4772":1,"4777":0,"4778":0,"4782":0,"4783":0,"4786":1,"4787":0,"4788":0,"4791":0,"4792":0,"4793":0,"4800":0,"4801":0,"4802":0,"4803":0,"4804":0,"4805":0,"4810":0,"4811":0,"4815":0,"4818":1,"4819":0,"4820":0,"4822":0,"4823":0,"4827":1,"4829":1,"4830":0,"4832":0,"4833":0,"4834":0,"4835":0,"4836":0,"4837":0,"4841":0,"4845":0,"4850":0,"4851":0,"4856":1,"4857":0,"4858":0,"4859":0,"4861":0,"4866":0,"4870":0,"4873":1,"4874":0,"4875":0,"4876":0,"4877":0,"4878":0,"4880":0,"4881":0,"4883":0,"4888":1,"4889":0,"4890":0,"4891":0,"4892":0,"4893":0,"4894":0,"4900":0,"4901":0,"4910":1,"4911":0,"4912":0,"4913":0,"4914":0,"4915":0,"4918":0,"4923":1,"4924":0,"4925":0,"4926":0,"4927":0,"4929":0,"4930":0,"4932":0,"4935":1,"4939":1,"4940":1,"4941":1,"4942":1,"4943":1,"4944":1,"4945":0,"4951":1,"4952":0,"4955":1,"4956":1,"4958":1,"4959":1,"4961":1,"4966":0,"4967":0,"4968":0,"4969":0,"4970":0,"4971":0,"4973":0,"4974":0,"4982":1,"4989":0,"4990":0,"4996":0,"4997":0,"4999":0,"5000":0,"5005":0,"5006":0,"5007":0,"5017":0,"5018":0,"5019":0,"5021":0,"5022":0,"5027":0,"5028":0,"5029":0,"5031":0,"5037":1,"5039":1,"5046":0,"5047":0,"5050":0,"5051":0,"5052":0,"5055":0,"5056":0,"5057":0,"5059":0,"5063":0,"5064":0,"5065":0,"5067":0,"5070":0,"5072":0,"5075":0,"5082":0,"5084":0,"5087":0,"5088":0,"5092":0,"5095":0,"5096":0,"5101":0,"5103":0,"5105":0,"5108":0,"5112":0,"5115":0,"5116":0,"5121":0,"5124":1,"5131":0,"5132":0,"5133":0,"5134":0,"5135":0,"5140":0,"5141":0,"5142":0,"5147":0,"5149":0,"5150":0,"5151":0,"5152":0,"5155":0,"5158":1,"5164":0,"5165":0,"5177":0,"5178":0,"5179":0,"5180":0,"5182":0,"5185":1,"5190":0,"5192":0,"5194":0,"5195":0,"5196":0,"5198":0,"5199":0,"5200":0,"5203":0,"5206":0,"5207":0,"5208":0,"5213":0,"5214":0,"5220":0,"5223":0,"5224":0,"5227":0,"5229":0,"5233":1,"5237":0,"5238":0,"5239":0,"5241":0,"5242":0,"5243":0,"5244":0,"5245":0,"5246":0,"5247":0,"5248":0,"5249":0,"5250":0,"5254":0,"5264":0,"5269":0,"5272":1,"5279":0,"5280":0,"5281":0,"5282":0,"5283":0,"5285":0,"5286":0,"5287":0,"5288":0,"5289":0,"5291":0,"5294":0,"5297":1,"5298":0,"5299":0,"5301":0,"5302":0,"5303":0,"5304":0,"5305":0,"5309":1,"5310":0,"5311":0,"5312":0,"5318":1,"5319":0,"5320":0,"5321":0,"5322":0,"5323":0,"5325":0,"5331":1,"5332":1,"5336":1,"5344":0,"5345":0,"5346":0,"5347":0,"5349":0,"5350":0,"5353":1,"5360":0,"5361":0,"5366":0,"5368":0,"5370":0,"5373":0,"5375":0,"5376":0,"5377":0,"5379":0,"5380":0,"5381":0,"5382":0,"5384":0,"5385":0,"5386":0,"5387":0,"5388":0,"5390":0,"5394":0,"5396":0,"5401":0,"5408":0,"5410":0,"5411":0,"5412":0,"5414":0,"5418":1,"5419":0,"5420":0,"5422":0,"5424":0,"5425":0,"5426":0,"5427":0,"5428":0,"5439":1,"5443":0,"5444":0,"5445":0,"5446":0,"5447":0,"5449":0,"5450":0,"5451":0,"5452":0,"5454":0,"5455":0,"5456":0,"5457":0,"5458":0,"5459":0,"5462":0,"5470":1,"5476":0,"5477":0,"5478":0,"5479":0,"5480":0,"5482":0,"5484":0,"5486":0,"5487":0,"5492":0,"5494":0,"5503":1,"5504":0,"5512":1,"5517":0,"5518":0,"5519":0,"5521":0,"5530":1,"5536":0,"5537":0,"5538":0,"5543":0,"5544":0,"5546":0,"5547":0,"5548":0,"5549":0,"5551":0,"5552":0,"5556":0,"5557":0,"5562":0,"5570":1,"5574":0,"5577":0,"5578":0,"5583":0,"5585":0,"5586":0,"5593":1,"5598":0,"5599":0,"5602":1,"5607":0,"5608":0,"5609":0,"5610":0,"5614":0,"5618":1,"5619":0,"5620":0,"5621":0,"5626":1,"5627":0,"5628":0,"5629":0,"5630":0,"5631":0,"5632":0,"5633":0,"5638":0,"5641":0,"5644":1,"5645":1,"5646":0,"5649":1,"5650":0,"5651":0,"5652":0,"5653":0,"5654":0,"5656":0,"5658":0,"5659":0,"5663":0,"5665":0,"5666":0,"5670":0,"5672":0,"5673":0,"5674":0,"5676":0,"5680":0,"5681":0,"5685":1,"5689":0,"5690":0,"5691":0,"5697":0,"5700":0,"5701":0,"5707":1,"5708":1,"5709":1,"5710":1,"5711":1,"5712":1,"5713":1,"5714":1,"5715":1,"5716":1,"5717":1,"5718":1,"5719":1,"5720":1,"5725":1,"5726":0,"5727":0,"5728":0,"5734":1,"5735":0,"5736":0,"5739":0,"5740":0,"5746":0,"5747":0,"5748":0,"5749":0,"5750":0,"5751":0,"5753":0,"5754":0,"5755":0,"5763":1,"5765":0,"5767":0,"5771":0,"5777":1,"5779":1,"5780":1,"5781":0,"5783":0,"5785":0,"5787":0,"5788":1,"5789":1,"5790":1,"5794":0,"5796":0,"5800":0,"5802":0,"5809":0,"5810":0,"5812":1,"5815":0,"5816":0,"5817":0,"5818":0,"5819":0,"5820":0,"5821":0,"5822":0,"5823":0,"5826":0,"5827":1,"5828":1,"5829":1,"5832":0,"5833":0,"5838":1,"5839":0,"5841":0,"5842":0,"5843":0,"5844":0,"5845":0,"5846":0,"5847":0,"5848":0,"5849":0,"5850":0,"5851":0,"5855":1,"5856":0,"5857":0,"5858":0,"5859":0,"5860":0,"5863":0,"5865":0,"5867":0,"5868":0,"5870":0,"5871":0,"5872":0,"5876":0,"5879":1,"5880":0,"5881":0,"5882":0,"5883":0,"5884":0,"5885":0,"5886":0,"5889":0,"5892":1,"5895":0,"5896":0,"5897":0,"5898":0,"5899":0,"5900":0,"5903":0,"5905":0,"5909":1,"5910":0,"5912":0,"5914":0,"5917":1,"5918":1,"5919":1,"5920":1,"5921":1,"5930":1,"5935":1,"5936":1,"5937":0,"5938":0,"5943":0,"5950":1,"5951":0,"5952":0,"5953":0,"5954":0,"5955":0,"5956":0,"5957":0,"5958":0,"5959":0,"5960":0,"5961":0,"5964":0,"5970":1,"5975":0,"5977":0,"5978":0,"5980":0,"5981":0,"5987":0,"5989":0,"5990":0,"5997":0,"5998":0,"6003":0,"6004":0,"6006":0,"6009":0,"6012":0,"6013":0,"6015":0,"6024":1,"6028":0,"6037":1,"6038":10,"6048":1,"6049":0,"6050":0,"6055":1,"6056":3,"6065":1,"6067":1,"6068":0,"6069":0,"6070":0,"6071":0,"6072":0,"6073":0,"6074":0,"6075":0,"6077":0,"6081":0,"6087":1,"6090":0,"6091":0,"6092":0,"6093":0,"6094":0,"6095":0,"6101":1,"6102":0,"6110":1,"6111":0,"6112":0,"6113":0,"6114":0,"6126":1,"6127":0,"6128":0,"6129":0,"6130":0,"6131":0,"6132":0,"6133":0,"6134":0,"6135":0,"6136":0,"6137":0,"6138":0,"6139":0,"6142":0,"6143":0,"6144":0,"6145":0,"6146":0,"6151":0,"6157":1,"6158":0,"6159":0,"6160":0,"6161":0,"6162":0,"6163":0,"6173":1,"6178":0,"6179":0,"6181":0,"6182":0,"6183":0,"6184":0,"6185":0,"6189":0,"6190":0,"6191":0,"6192":0,"6193":0,"6195":0,"6198":0,"6199":0,"6200":0,"6201":0,"6203":0,"6204":0,"6205":0,"6208":1,"6209":0,"6210":0,"6212":0,"6220":1,"6227":0,"6228":1,"6230":0,"6232":0,"6233":0,"6234":0,"6235":0,"6236":0,"6238":0,"6239":0,"6240":0,"6245":0,"6250":1,"6256":0,"6257":0,"6258":0,"6260":0,"6261":0,"6262":0,"6263":0,"6264":0,"6268":0,"6269":0,"6272":0,"6273":0,"6274":0,"6275":0,"6277":0,"6278":0,"6280":0,"6286":1,"6288":0,"6289":0,"6291":0,"6293":0,"6294":0,"6303":0,"6306":0,"6310":0,"6318":1,"6325":0,"6326":0,"6330":0,"6332":0,"6333":0,"6335":0,"6336":0,"6337":0,"6338":0,"6339":0,"6340":0,"6342":0,"6343":0,"6344":0,"6345":0,"6348":0,"6349":0,"6355":0,"6357":0,"6358":0,"6359":0,"6360":0,"6371":1,"6372":0,"6373":0,"6374":0,"6375":0,"6376":0,"6377":0,"6378":0,"6379":0,"6380":0,"6381":0,"6382":0,"6383":0,"6384":0,"6385":0,"6387":0,"6389":0,"6400":1,"6401":0,"6402":0,"6405":1,"6406":0,"6407":0,"6409":0,"6410":0,"6411":0,"6415":1,"6418":1,"6419":0,"6420":0,"6422":0,"6423":0,"6426":0,"6427":0,"6429":1,"6437":1,"6438":1,"6439":0,"6447":1,"6449":1,"6464":1,"6465":0,"6470":1,"6471":0,"6472":0,"6473":0,"6474":0,"6475":0,"6476":0,"6477":0,"6480":0,"6481":0,"6482":0,"6485":0,"6488":1,"6489":0,"6497":1,"6498":0,"6499":0,"6500":0,"6501":0,"6504":1,"6507":1,"6508":0,"6511":1,"6512":0,"6513":0,"6514":0,"6516":0,"6517":0,"6519":0,"6520":0,"6521":0,"6522":0,"6523":0,"6524":0,"6528":0,"6530":0,"6531":0,"6532":0,"6534":0,"6537":1,"6544":1,"6560":1,"6567":1,"6569":1,"6570":0,"6573":1,"6574":0,"6575":0,"6579":0,"6580":0,"6592":1,"6605":1,"6606":1,"6610":1,"6611":1,"6612":0,"6613":0,"6614":0,"6618":1,"6619":1,"6620":0,"6621":0,"6622":0,"6623":0,"6624":0,"6625":0,"6629":0,"6631":0,"6638":1,"6639":0,"6640":0,"6641":0,"6643":0,"6644":0,"6645":0,"6646":0,"6647":0,"6648":0,"6649":0,"6650":0,"6651":0,"6652":0,"6653":0,"6654":0,"6656":0,"6659":0,"6660":0,"6661":0,"6662":0,"6664":0,"6669":0,"6670":0,"6675":0,"6676":0,"6681":0,"6684":0,"6685":0,"6686":0,"6687":0,"6689":0,"6694":1,"6695":0,"6696":0,"6697":0,"6698":0,"6699":0,"6700":0,"6704":0,"6707":1,"6708":0,"6709":0,"6710":0,"6711":0,"6712":0,"6716":0,"6719":1,"6720":0,"6721":0,"6722":0,"6723":0,"6725":0,"6726":0,"6727":0,"6728":0,"6729":0,"6730":0,"6731":0,"6732":0,"6734":0,"6735":0,"6741":0,"6745":1,"6746":0,"6747":0,"6750":1,"6751":0,"6752":0,"6754":0,"6755":0,"6756":0,"6757":0,"6758":0,"6761":0,"6763":0,"6766":1,"6767":0,"6768":0,"6769":0,"6773":0,"6774":0,"6776":0,"6778":0,"6779":0,"6780":0,"6781":0,"6782":0,"6783":0,"6786":0,"6792":0,"6793":0,"6794":0,"6798":0,"6799":0,"6800":0,"6801":0,"6806":0,"6807":0,"6808":0,"6811":0,"6813":0,"6814":0,"6815":0,"6817":0,"6819":0,"6822":1,"6828":0,"6833":0,"6834":0,"6840":0,"6841":0,"6847":1,"6849":1,"6850":0,"6851":0,"6852":0,"6853":0,"6854":0,"6855":0,"6857":0,"6858":0,"6860":0,"6866":0,"6867":0,"6868":0,"6870":0,"6871":0,"6872":0,"6873":0,"6875":0,"6878":0,"6886":0,"6887":0,"6889":0,"6890":0,"6892":0,"6896":0,"6897":0,"6899":0,"6900":0,"6906":1,"6907":1,"6908":1,"6909":1,"6911":1,"6912":0,"6924":0,"6925":0,"6928":1,"6929":0,"6930":0,"6932":1,"6933":0,"6934":0,"6936":0,"6937":0,"6938":0,"6942":0,"6943":0,"6946":1,"6947":0,"6948":0,"6951":0,"6952":0,"6953":0,"6954":0,"6955":0,"6956":0,"6957":0,"6958":0,"6959":0,"6964":0,"6967":0,"6969":0,"6972":0,"6973":0,"6975":0,"6978":1,"6979":0,"6980":0,"6981":0,"6983":0,"6984":0,"6985":0,"6986":0,"6993":1,"6995":1,"6997":1,"6998":0,"6999":0,"7000":0,"7002":0,"7005":1,"7006":0,"7007":0,"7008":0,"7013":1,"7014":0,"7015":0,"7016":0,"7017":0,"7021":0,"7022":0,"7023":0,"7024":0,"7025":0,"7026":0,"7028":0,"7031":0,"7037":1,"7038":1,"7039":1,"7041":1,"7050":1,"7051":1,"7055":0,"7057":0,"7058":0,"7061":0,"7066":0,"7067":0,"7068":0,"7069":0,"7070":0,"7071":0,"7072":0,"7074":0,"7078":0,"7082":0,"7083":0,"7084":0,"7085":0,"7086":0,"7087":0,"7088":0,"7090":0,"7091":0,"7092":0,"7093":0,"7095":0,"7098":0,"7100":0,"7102":0,"7103":0,"7104":0,"7106":0,"7107":0,"7108":0,"7110":0,"7111":0,"7112":0,"7113":0,"7120":0,"7121":0,"7122":0,"7125":0,"7126":0,"7129":0,"7130":0,"7132":0,"7133":0,"7134":0,"7138":0,"7139":0,"7140":0,"7142":0,"7143":0,"7147":0,"7151":0,"7159":1,"7160":0,"7161":0,"7163":0,"7164":0,"7165":0,"7166":0,"7168":0,"7171":0,"7172":0,"7175":0,"7176":0,"7178":0,"7180":0,"7182":0,"7185":1,"7186":0,"7187":0,"7188":0,"7190":0,"7191":0,"7192":0,"7193":0,"7195":0,"7200":1,"7217":1,"7218":1,"7224":1,"7233":1,"7234":0,"7235":0,"7237":0,"7238":0,"7239":0,"7240":0,"7242":0,"7245":0,"7246":0,"7249":0,"7250":0,"7251":0,"7252":0,"7253":0,"7254":0,"7256":0,"7257":0,"7260":0,"7264":0,"7267":1,"7268":0,"7269":0,"7270":0,"7275":1,"7276":0,"7277":0,"7278":0,"7283":1,"7284":0,"7285":0,"7286":0,"7287":0,"7289":0,"7292":1,"7293":0,"7294":0,"7295":0,"7299":1,"7308":1,"7309":0,"7310":0,"7311":0,"7315":1,"7321":1,"7323":1,"7324":0,"7326":0,"7340":1,"7342":1,"7343":1}}}